2019-04-21 20:21:22 INFO  ParseDate:21 - Строка 2019-04-20 22:00:07 распаршена как Sat Apr 20 22:00:07 EEST 2019
2019-04-21 20:21:22 INFO  ParseDate:21 - Строка 2019-04-21 06:44:09 распаршена как Sun Apr 21 06:44:09 EEST 2019
2019-04-21 20:21:22 INFO  ParseDate:21 - Строка 2019-04-21 18:44:09 распаршена как Sun Apr 21 18:44:09 EEST 2019
2019-04-21 20:21:22 INFO  ParseDate:21 - Строка 2019-04-21 06:44:09 распаршена как Sun Apr 21 06:44:09 EEST 2019
2019-04-21 20:21:22 INFO  ParseDate:21 - Строка 2019-04-21 19:10:51 распаршена как Sun Apr 21 19:10:51 EEST 2019
2019-04-21 20:21:22 INFO  ParseDate:21 - Строка 2019-04-21 06:44:09 распаршена как Sun Apr 21 06:44:09 EEST 2019
2019-04-21 20:21:22 INFO  ParseDate:21 - Строка 2019-04-21 19:10:51 распаршена как Sun Apr 21 19:10:51 EEST 2019
2019-04-21 20:21:22 INFO  ParseDate:21 - Строка 2019-04-21 06:44:09 распаршена как Sun Apr 21 06:44:09 EEST 2019
2019-04-21 20:21:22 INFO  ParseDate:21 - Строка 2019-04-21 19:11:58 распаршена как Sun Apr 21 19:11:58 EEST 2019
2019-04-21 20:21:22 INFO  ParseDate:21 - Строка 2019-04-21 06:44:09 распаршена как Sun Apr 21 06:44:09 EEST 2019
2019-04-21 20:21:22 INFO  ParseDate:21 - Строка 2019-04-21 19:11:58 распаршена как Sun Apr 21 19:11:58 EEST 2019
2019-04-21 20:21:22 INFO  ParseDate:21 - Строка 2019-04-18 08:45:21 распаршена как Thu Apr 18 08:45:21 EEST 2019
2019-04-21 20:21:22 INFO  ParseDate:21 - Строка 2019-04-18 08:45:21 распаршена как Thu Apr 18 08:45:21 EEST 2019
2019-04-21 20:21:22 INFO  ParseDate:21 - Строка 2019-04-18 08:52:28 распаршена как Thu Apr 18 08:52:28 EEST 2019
2019-04-21 20:21:22 INFO  ParseDate:21 - Строка 2019-04-20 22:00:05 распаршена как Sat Apr 20 22:00:05 EEST 2019
2019-04-21 20:21:22 INFO  ParseDate:21 - Строка 2019-04-18 08:45:21 распаршена как Thu Apr 18 08:45:21 EEST 2019
2019-04-21 20:21:22 INFO  ParseDate:21 - Строка 2019-04-18 08:45:21 распаршена как Thu Apr 18 08:45:21 EEST 2019
2019-04-21 20:21:22 INFO  ParseDate:21 - Строка 2019-04-18 08:52:28 распаршена как Thu Apr 18 08:52:28 EEST 2019
2019-04-21 20:21:22 INFO  ParseDate:21 - Строка 2019-04-20 22:00:05 распаршена как Sat Apr 20 22:00:05 EEST 2019
2019-04-21 20:21:22 INFO  ParseDate:21 - Строка 2019-04-18 08:45:21 распаршена как Thu Apr 18 08:45:21 EEST 2019
2019-04-21 20:21:22 INFO  ParseDate:21 - Строка 2019-04-18 08:45:21 распаршена как Thu Apr 18 08:45:21 EEST 2019
2019-04-21 20:21:22 INFO  ParseDate:21 - Строка 2019-04-18 08:52:28 распаршена как Thu Apr 18 08:52:28 EEST 2019
2019-04-21 20:21:22 INFO  ParseDate:21 - Строка 2019-04-20 22:00:05 распаршена как Sat Apr 20 22:00:05 EEST 2019
2019-04-21 20:21:22 INFO  ParseDate:21 - Строка 2019-04-18 08:45:21 распаршена как Thu Apr 18 08:45:21 EEST 2019
2019-04-21 20:21:22 INFO  ParseDate:21 - Строка 2019-04-18 08:45:21 распаршена как Thu Apr 18 08:45:21 EEST 2019
2019-04-21 20:21:22 INFO  ParseDate:21 - Строка 2019-04-18 08:52:28 распаршена как Thu Apr 18 08:52:28 EEST 2019
2019-04-21 20:21:22 INFO  ParseDate:21 - Строка 2019-04-20 22:00:05 распаршена как Sat Apr 20 22:00:05 EEST 2019
2019-04-21 20:21:22 INFO  ParseDate:21 - Строка 2019-04-18 08:45:21 распаршена как Thu Apr 18 08:45:21 EEST 2019
2019-04-21 20:21:22 INFO  ParseDate:21 - Строка 2019-04-18 08:45:21 распаршена как Thu Apr 18 08:45:21 EEST 2019
2019-04-21 20:21:22 INFO  ParseDate:21 - Строка 2019-04-18 08:52:28 распаршена как Thu Apr 18 08:52:28 EEST 2019
2019-04-21 20:21:22 INFO  ParseDate:21 - Строка 2019-04-20 22:00:05 распаршена как Sat Apr 20 22:00:05 EEST 2019
2019-04-21 20:21:22 INFO  ParseDate:21 - Строка 2019-04-18 08:45:21 распаршена как Thu Apr 18 08:45:21 EEST 2019
2019-04-21 20:21:22 INFO  ParseDate:21 - Строка 2019-04-18 08:45:21 распаршена как Thu Apr 18 08:45:21 EEST 2019
2019-04-21 20:21:22 INFO  ParseDate:21 - Строка 2019-04-18 08:52:28 распаршена как Thu Apr 18 08:52:28 EEST 2019
2019-04-21 20:21:22 INFO  ParseDate:21 - Строка 2019-04-20 22:00:05 распаршена как Sat Apr 20 22:00:05 EEST 2019
2019-04-21 20:21:22 INFO  ParseDate:21 - Строка 2019-04-18 08:44:52 распаршена как Thu Apr 18 08:44:52 EEST 2019
2019-04-21 20:21:22 INFO  ParseDate:21 - Строка 2019-04-18 08:44:52 распаршена как Thu Apr 18 08:44:52 EEST 2019
2019-04-21 20:21:22 INFO  ParseDate:21 - Строка 2019-04-20 22:00:07 распаршена как Sat Apr 20 22:00:07 EEST 2019
2019-04-21 20:21:22 INFO  ParseDate:21 - Строка 2019-04-18 08:44:52 распаршена как Thu Apr 18 08:44:52 EEST 2019
2019-04-21 20:21:22 INFO  ParseDate:21 - Строка 2019-04-18 08:44:52 распаршена как Thu Apr 18 08:44:52 EEST 2019
2019-04-21 20:21:22 INFO  ParseDate:21 - Строка 2019-04-20 22:00:07 распаршена как Sat Apr 20 22:00:07 EEST 2019
2019-04-21 20:21:22 INFO  ParseDate:21 - Строка 2019-04-17 22:09:03 распаршена как Wed Apr 17 22:09:03 EEST 2019
2019-04-21 20:21:22 INFO  ParseDate:21 - Строка 2019-04-17 22:13:38 распаршена как Wed Apr 17 22:13:38 EEST 2019
2019-04-21 20:21:22 INFO  ParseDate:21 - Строка 2019-04-18 08:44:52 распаршена как Thu Apr 18 08:44:52 EEST 2019
2019-04-21 20:21:22 INFO  ParseDate:21 - Строка 2019-04-18 08:44:52 распаршена как Thu Apr 18 08:44:52 EEST 2019
2019-04-21 20:21:22 INFO  ParseDate:21 - Строка 2019-04-18 08:45:21 распаршена как Thu Apr 18 08:45:21 EEST 2019
2019-04-21 20:21:22 INFO  ParseDate:21 - Строка 2019-04-18 08:45:21 распаршена как Thu Apr 18 08:45:21 EEST 2019
2019-04-21 20:21:22 INFO  ParseDate:21 - Строка 2019-04-20 22:00:06 распаршена как Sat Apr 20 22:00:06 EEST 2019
2019-04-21 20:21:22 INFO  ParseDate:21 - Строка 2019-04-18 08:44:52 распаршена как Thu Apr 18 08:44:52 EEST 2019
2019-04-21 20:21:22 INFO  ParseDate:21 - Строка 2019-04-18 08:44:52 распаршена как Thu Apr 18 08:44:52 EEST 2019
2019-04-21 20:21:22 INFO  ParseDate:21 - Строка 2019-04-18 08:45:21 распаршена как Thu Apr 18 08:45:21 EEST 2019
2019-04-21 20:21:22 INFO  ParseDate:21 - Строка 2019-04-18 08:45:21 распаршена как Thu Apr 18 08:45:21 EEST 2019
2019-04-21 20:21:22 INFO  ParseDate:21 - Строка 2019-04-20 22:00:06 распаршена как Sat Apr 20 22:00:06 EEST 2019
2019-04-21 20:21:22 INFO  ParseDate:21 - Строка 2019-04-17 22:12:31 распаршена как Wed Apr 17 22:12:31 EEST 2019
2019-04-21 20:21:22 INFO  ParseDate:21 - Строка 2019-04-20 22:00:07 распаршена как Sat Apr 20 22:00:07 EEST 2019
2019-04-21 20:21:22 INFO  ParseDate:21 - Строка 2019-04-20 22:00:22 распаршена как Sat Apr 20 22:00:22 EEST 2019
2019-04-21 20:21:22 INFO  ParseDate:21 - Строка 2019-04-21 19:11:58 распаршена как Sun Apr 21 19:11:58 EEST 2019
2019-04-21 20:21:22 INFO  ParseDate:21 - Строка 2019-04-21 19:11:58 распаршена как Sun Apr 21 19:11:58 EEST 2019
2019-04-21 20:21:22 INFO  ParseDate:21 - Строка 2019-04-21 19:26:02 распаршена как Sun Apr 21 19:26:02 EEST 2019
2019-04-21 20:21:22 INFO  ParseDate:21 - Строка 2019-04-21 19:43:26 распаршена как Sun Apr 21 19:43:26 EEST 2019
2019-04-21 20:21:22 INFO  ParseDate:21 - Строка 2019-04-21 19:43:45 распаршена как Sun Apr 21 19:43:45 EEST 2019
2019-04-21 20:21:22 INFO  Servlet:96 - forward: /WEB-INF/view/admin/addUserToAccount.jsp
2019-04-21 20:26:39 INFO  LangFilter:22 - locale= en
2019-04-21 20:26:39 INFO  Servlet:86 - path:login
2019-04-21 20:26:39 INFO  JDBCUserDAO:105 - User was created User{login='admin', role=ADMIN, pwdHash='$2a$10$qUnlHIUmR6yQjJ1V8AE/U.GDDssVPOmfxaCXwkZy8QIOkPiF.on96', name='Yevhenii', surname='Milash', phone='+380678865467', accounts=[Account{id=1, money=154200, closed=true, changeTime=[], users=[], credits=[], deposits=[]}, Account{id=69, money=823290, closed=true, changeTime=[], users=[], credits=[], deposits=[]}, Account{id=71, money=39510, closed=true, changeTime=[], users=[], credits=[], deposits=[]}, Account{id=80, money=13, closed=false, changeTime=[], users=[], credits=[], deposits=[]}]}
2019-04-21 20:26:39 INFO  JDBCUserDAO:105 - User was created User{login='admin', role=ADMIN, pwdHash='$2a$10$qUnlHIUmR6yQjJ1V8AE/U.GDDssVPOmfxaCXwkZy8QIOkPiF.on96', name='Yevhenii', surname='Milash', phone='+380678865467', accounts=[Account{id=1, money=154200, closed=true, changeTime=[], users=[], credits=[], deposits=[]}, Account{id=69, money=823290, closed=true, changeTime=[], users=[], credits=[], deposits=[]}, Account{id=71, money=39510, closed=true, changeTime=[], users=[], credits=[], deposits=[]}, Account{id=80, money=13, closed=false, changeTime=[], users=[], credits=[], deposits=[]}]}
2019-04-21 20:26:39 INFO  LoginSubmitCommand:28 - User from DB in login page :User{login='admin', role=ADMIN, pwdHash='$2a$10$qUnlHIUmR6yQjJ1V8AE/U.GDDssVPOmfxaCXwkZy8QIOkPiF.on96', name='Yevhenii', surname='Milash', phone='+380678865467', accounts=[Account{id=1, money=154200, closed=true, changeTime=[], users=[], credits=[], deposits=[]}, Account{id=69, money=823290, closed=true, changeTime=[], users=[], credits=[], deposits=[]}, Account{id=71, money=39510, closed=true, changeTime=[], users=[], credits=[], deposits=[]}, Account{id=80, money=13, closed=false, changeTime=[], users=[], credits=[], deposits=[]}]}
2019-04-21 20:26:39 INFO  LoginSubmitCommand:32 - Login check: true
2019-04-21 20:26:39 INFO  Servlet:93 - redirect: redirect:/bank/admin
2019-04-21 20:26:40 INFO  AdminFilter:24 - role = admin
2019-04-21 20:26:40 INFO  LangFilter:22 - locale= en
2019-04-21 20:26:40 INFO  Servlet:86 - path:admin
2019-04-21 20:26:40 INFO  Servlet:96 - forward: /WEB-INF/view/admin/adminMain.jsp
2019-04-21 20:26:41 INFO  AdminFilter:24 - role = admin
2019-04-21 20:26:41 INFO  LangFilter:22 - locale= en
2019-04-21 20:26:41 INFO  Servlet:86 - path:admin/addUsers
2019-04-21 20:26:41 INFO  JDBCUserDAO:134 - Users were read
2019-04-21 20:26:41 INFO  ParseDate:21 - Строка 2019-04-21 06:44:09 распаршена как Sun Apr 21 06:44:09 EEST 2019
2019-04-21 20:26:41 INFO  ParseDate:21 - Строка 2019-04-20 22:00:07 распаршена как Sat Apr 20 22:00:07 EEST 2019
2019-04-21 20:26:41 INFO  ParseDate:21 - Строка 2019-04-21 06:44:09 распаршена как Sun Apr 21 06:44:09 EEST 2019
2019-04-21 20:26:41 INFO  ParseDate:21 - Строка 2019-04-21 18:44:09 распаршена как Sun Apr 21 18:44:09 EEST 2019
2019-04-21 20:26:41 INFO  ParseDate:21 - Строка 2019-04-21 06:44:09 распаршена как Sun Apr 21 06:44:09 EEST 2019
2019-04-21 20:26:41 INFO  ParseDate:21 - Строка 2019-04-21 19:10:51 распаршена как Sun Apr 21 19:10:51 EEST 2019
2019-04-21 20:26:41 INFO  ParseDate:21 - Строка 2019-04-21 06:44:09 распаршена как Sun Apr 21 06:44:09 EEST 2019
2019-04-21 20:26:41 INFO  ParseDate:21 - Строка 2019-04-21 19:10:51 распаршена как Sun Apr 21 19:10:51 EEST 2019
2019-04-21 20:26:41 INFO  ParseDate:21 - Строка 2019-04-21 06:44:09 распаршена как Sun Apr 21 06:44:09 EEST 2019
2019-04-21 20:26:41 INFO  ParseDate:21 - Строка 2019-04-21 19:11:58 распаршена как Sun Apr 21 19:11:58 EEST 2019
2019-04-21 20:26:41 INFO  ParseDate:21 - Строка 2019-04-21 06:44:09 распаршена как Sun Apr 21 06:44:09 EEST 2019
2019-04-21 20:26:41 INFO  ParseDate:21 - Строка 2019-04-21 19:11:58 распаршена как Sun Apr 21 19:11:58 EEST 2019
2019-04-21 20:26:41 INFO  ParseDate:21 - Строка 2019-04-21 06:44:09 распаршена как Sun Apr 21 06:44:09 EEST 2019
2019-04-21 20:26:41 INFO  ParseDate:21 - Строка 2019-04-20 22:00:07 распаршена как Sat Apr 20 22:00:07 EEST 2019
2019-04-21 20:26:41 INFO  ParseDate:21 - Строка 2019-04-21 06:44:09 распаршена как Sun Apr 21 06:44:09 EEST 2019
2019-04-21 20:26:41 INFO  ParseDate:21 - Строка 2019-04-21 18:44:09 распаршена как Sun Apr 21 18:44:09 EEST 2019
2019-04-21 20:26:41 INFO  ParseDate:21 - Строка 2019-04-21 06:44:09 распаршена как Sun Apr 21 06:44:09 EEST 2019
2019-04-21 20:26:41 INFO  ParseDate:21 - Строка 2019-04-21 19:10:51 распаршена как Sun Apr 21 19:10:51 EEST 2019
2019-04-21 20:26:41 INFO  ParseDate:21 - Строка 2019-04-21 06:44:09 распаршена как Sun Apr 21 06:44:09 EEST 2019
2019-04-21 20:26:41 INFO  ParseDate:21 - Строка 2019-04-21 19:10:51 распаршена как Sun Apr 21 19:10:51 EEST 2019
2019-04-21 20:26:41 INFO  ParseDate:21 - Строка 2019-04-21 06:44:09 распаршена как Sun Apr 21 06:44:09 EEST 2019
2019-04-21 20:26:41 INFO  ParseDate:21 - Строка 2019-04-21 19:11:58 распаршена как Sun Apr 21 19:11:58 EEST 2019
2019-04-21 20:26:41 INFO  ParseDate:21 - Строка 2019-04-21 06:44:09 распаршена как Sun Apr 21 06:44:09 EEST 2019
2019-04-21 20:26:41 INFO  ParseDate:21 - Строка 2019-04-21 19:11:58 распаршена как Sun Apr 21 19:11:58 EEST 2019
2019-04-21 20:26:41 INFO  ParseDate:21 - Строка 2019-04-18 08:45:21 распаршена как Thu Apr 18 08:45:21 EEST 2019
2019-04-21 20:26:41 INFO  ParseDate:21 - Строка 2019-04-18 08:45:21 распаршена как Thu Apr 18 08:45:21 EEST 2019
2019-04-21 20:26:41 INFO  ParseDate:21 - Строка 2019-04-18 08:52:28 распаршена как Thu Apr 18 08:52:28 EEST 2019
2019-04-21 20:26:41 INFO  ParseDate:21 - Строка 2019-04-20 22:00:05 распаршена как Sat Apr 20 22:00:05 EEST 2019
2019-04-21 20:26:41 INFO  ParseDate:21 - Строка 2019-04-18 08:45:21 распаршена как Thu Apr 18 08:45:21 EEST 2019
2019-04-21 20:26:41 INFO  ParseDate:21 - Строка 2019-04-18 08:45:21 распаршена как Thu Apr 18 08:45:21 EEST 2019
2019-04-21 20:26:41 INFO  ParseDate:21 - Строка 2019-04-18 08:52:28 распаршена как Thu Apr 18 08:52:28 EEST 2019
2019-04-21 20:26:41 INFO  ParseDate:21 - Строка 2019-04-20 22:00:05 распаршена как Sat Apr 20 22:00:05 EEST 2019
2019-04-21 20:26:41 INFO  ParseDate:21 - Строка 2019-04-18 08:45:21 распаршена как Thu Apr 18 08:45:21 EEST 2019
2019-04-21 20:26:41 INFO  ParseDate:21 - Строка 2019-04-18 08:45:21 распаршена как Thu Apr 18 08:45:21 EEST 2019
2019-04-21 20:26:41 INFO  ParseDate:21 - Строка 2019-04-18 08:52:28 распаршена как Thu Apr 18 08:52:28 EEST 2019
2019-04-21 20:26:41 INFO  ParseDate:21 - Строка 2019-04-20 22:00:05 распаршена как Sat Apr 20 22:00:05 EEST 2019
2019-04-21 20:26:41 INFO  ParseDate:21 - Строка 2019-04-18 08:45:21 распаршена как Thu Apr 18 08:45:21 EEST 2019
2019-04-21 20:26:41 INFO  ParseDate:21 - Строка 2019-04-18 08:45:21 распаршена как Thu Apr 18 08:45:21 EEST 2019
2019-04-21 20:26:41 INFO  ParseDate:21 - Строка 2019-04-18 08:52:28 распаршена как Thu Apr 18 08:52:28 EEST 2019
2019-04-21 20:26:41 INFO  ParseDate:21 - Строка 2019-04-20 22:00:05 распаршена как Sat Apr 20 22:00:05 EEST 2019
2019-04-21 20:26:41 INFO  ParseDate:21 - Строка 2019-04-18 08:45:21 распаршена как Thu Apr 18 08:45:21 EEST 2019
2019-04-21 20:26:41 INFO  ParseDate:21 - Строка 2019-04-18 08:45:21 распаршена как Thu Apr 18 08:45:21 EEST 2019
2019-04-21 20:26:41 INFO  ParseDate:21 - Строка 2019-04-18 08:52:28 распаршена как Thu Apr 18 08:52:28 EEST 2019
2019-04-21 20:26:41 INFO  ParseDate:21 - Строка 2019-04-20 22:00:05 распаршена как Sat Apr 20 22:00:05 EEST 2019
2019-04-21 20:26:41 INFO  ParseDate:21 - Строка 2019-04-18 08:45:21 распаршена как Thu Apr 18 08:45:21 EEST 2019
2019-04-21 20:26:41 INFO  ParseDate:21 - Строка 2019-04-18 08:45:21 распаршена как Thu Apr 18 08:45:21 EEST 2019
2019-04-21 20:26:41 INFO  ParseDate:21 - Строка 2019-04-18 08:52:28 распаршена как Thu Apr 18 08:52:28 EEST 2019
2019-04-21 20:26:41 INFO  ParseDate:21 - Строка 2019-04-20 22:00:05 распаршена как Sat Apr 20 22:00:05 EEST 2019
2019-04-21 20:26:41 INFO  ParseDate:21 - Строка 2019-04-18 08:44:52 распаршена как Thu Apr 18 08:44:52 EEST 2019
2019-04-21 20:26:41 INFO  ParseDate:21 - Строка 2019-04-18 08:44:52 распаршена как Thu Apr 18 08:44:52 EEST 2019
2019-04-21 20:26:41 INFO  ParseDate:21 - Строка 2019-04-20 22:00:07 распаршена как Sat Apr 20 22:00:07 EEST 2019
2019-04-21 20:26:41 INFO  ParseDate:21 - Строка 2019-04-18 08:44:52 распаршена как Thu Apr 18 08:44:52 EEST 2019
2019-04-21 20:26:41 INFO  ParseDate:21 - Строка 2019-04-18 08:44:52 распаршена как Thu Apr 18 08:44:52 EEST 2019
2019-04-21 20:26:41 INFO  ParseDate:21 - Строка 2019-04-20 22:00:07 распаршена как Sat Apr 20 22:00:07 EEST 2019
2019-04-21 20:26:41 INFO  ParseDate:21 - Строка 2019-04-17 22:09:03 распаршена как Wed Apr 17 22:09:03 EEST 2019
2019-04-21 20:26:41 INFO  ParseDate:21 - Строка 2019-04-17 22:13:38 распаршена как Wed Apr 17 22:13:38 EEST 2019
2019-04-21 20:26:41 INFO  ParseDate:21 - Строка 2019-04-18 08:44:52 распаршена как Thu Apr 18 08:44:52 EEST 2019
2019-04-21 20:26:41 INFO  ParseDate:21 - Строка 2019-04-18 08:44:52 распаршена как Thu Apr 18 08:44:52 EEST 2019
2019-04-21 20:26:41 INFO  ParseDate:21 - Строка 2019-04-18 08:45:21 распаршена как Thu Apr 18 08:45:21 EEST 2019
2019-04-21 20:26:41 INFO  ParseDate:21 - Строка 2019-04-18 08:45:21 распаршена как Thu Apr 18 08:45:21 EEST 2019
2019-04-21 20:26:41 INFO  ParseDate:21 - Строка 2019-04-20 22:00:06 распаршена как Sat Apr 20 22:00:06 EEST 2019
2019-04-21 20:26:41 INFO  ParseDate:21 - Строка 2019-04-18 08:44:52 распаршена как Thu Apr 18 08:44:52 EEST 2019
2019-04-21 20:26:41 INFO  ParseDate:21 - Строка 2019-04-18 08:44:52 распаршена как Thu Apr 18 08:44:52 EEST 2019
2019-04-21 20:26:41 INFO  ParseDate:21 - Строка 2019-04-18 08:45:21 распаршена как Thu Apr 18 08:45:21 EEST 2019
2019-04-21 20:26:41 INFO  ParseDate:21 - Строка 2019-04-18 08:45:21 распаршена как Thu Apr 18 08:45:21 EEST 2019
2019-04-21 20:26:41 INFO  ParseDate:21 - Строка 2019-04-20 22:00:06 распаршена как Sat Apr 20 22:00:06 EEST 2019
2019-04-21 20:26:41 INFO  ParseDate:21 - Строка 2019-04-17 22:12:31 распаршена как Wed Apr 17 22:12:31 EEST 2019
2019-04-21 20:26:41 INFO  ParseDate:21 - Строка 2019-04-20 22:00:07 распаршена как Sat Apr 20 22:00:07 EEST 2019
2019-04-21 20:26:41 INFO  ParseDate:21 - Строка 2019-04-20 22:00:22 распаршена как Sat Apr 20 22:00:22 EEST 2019
2019-04-21 20:26:41 INFO  ParseDate:21 - Строка 2019-04-21 19:11:58 распаршена как Sun Apr 21 19:11:58 EEST 2019
2019-04-21 20:26:41 INFO  ParseDate:21 - Строка 2019-04-21 19:11:58 распаршена как Sun Apr 21 19:11:58 EEST 2019
2019-04-21 20:26:41 INFO  ParseDate:21 - Строка 2019-04-21 19:26:02 распаршена как Sun Apr 21 19:26:02 EEST 2019
2019-04-21 20:26:41 INFO  ParseDate:21 - Строка 2019-04-21 19:43:26 распаршена как Sun Apr 21 19:43:26 EEST 2019
2019-04-21 20:26:41 INFO  ParseDate:21 - Строка 2019-04-21 19:43:45 распаршена как Sun Apr 21 19:43:45 EEST 2019
2019-04-21 20:26:41 INFO  Servlet:96 - forward: /WEB-INF/view/admin/addUserToAccount.jsp
2019-04-21 20:26:48 INFO  AdminFilter:24 - role = admin
2019-04-21 20:26:48 INFO  LangFilter:22 - locale= en
2019-04-21 20:26:48 INFO  Servlet:86 - path:admin/connectUser
2019-04-21 20:26:48 INFO  JDBCAccountDAO:236 - error in addAccount java.sql.SQLIntegrityConstraintViolationException: Duplicate entry '80-3' for key 'PRIMARY'
2019-04-21 20:26:48 INFO  AccountUtil:153 - User already added
2019-04-21 20:26:48 INFO  Servlet:93 - redirect: redirect:/bank/admin/addUsers
2019-04-21 20:26:48 INFO  AdminFilter:24 - role = admin
2019-04-21 20:26:48 INFO  LangFilter:22 - locale= en
2019-04-21 20:26:48 INFO  Servlet:86 - path:admin/addUsers
2019-04-21 20:26:48 INFO  JDBCUserDAO:134 - Users were read
2019-04-21 20:26:48 INFO  ParseDate:21 - Строка 2019-04-21 06:44:09 распаршена как Sun Apr 21 06:44:09 EEST 2019
2019-04-21 20:26:48 INFO  ParseDate:21 - Строка 2019-04-20 22:00:07 распаршена как Sat Apr 20 22:00:07 EEST 2019
2019-04-21 20:26:48 INFO  ParseDate:21 - Строка 2019-04-21 06:44:09 распаршена как Sun Apr 21 06:44:09 EEST 2019
2019-04-21 20:26:48 INFO  ParseDate:21 - Строка 2019-04-21 18:44:09 распаршена как Sun Apr 21 18:44:09 EEST 2019
2019-04-21 20:26:48 INFO  ParseDate:21 - Строка 2019-04-21 06:44:09 распаршена как Sun Apr 21 06:44:09 EEST 2019
2019-04-21 20:26:48 INFO  ParseDate:21 - Строка 2019-04-21 19:10:51 распаршена как Sun Apr 21 19:10:51 EEST 2019
2019-04-21 20:26:48 INFO  ParseDate:21 - Строка 2019-04-21 06:44:09 распаршена как Sun Apr 21 06:44:09 EEST 2019
2019-04-21 20:26:48 INFO  ParseDate:21 - Строка 2019-04-21 19:10:51 распаршена как Sun Apr 21 19:10:51 EEST 2019
2019-04-21 20:26:48 INFO  ParseDate:21 - Строка 2019-04-21 06:44:09 распаршена как Sun Apr 21 06:44:09 EEST 2019
2019-04-21 20:26:48 INFO  ParseDate:21 - Строка 2019-04-21 19:11:58 распаршена как Sun Apr 21 19:11:58 EEST 2019
2019-04-21 20:26:48 INFO  ParseDate:21 - Строка 2019-04-21 06:44:09 распаршена как Sun Apr 21 06:44:09 EEST 2019
2019-04-21 20:26:48 INFO  ParseDate:21 - Строка 2019-04-21 19:11:58 распаршена как Sun Apr 21 19:11:58 EEST 2019
2019-04-21 20:26:48 INFO  ParseDate:21 - Строка 2019-04-21 06:44:09 распаршена как Sun Apr 21 06:44:09 EEST 2019
2019-04-21 20:26:48 INFO  ParseDate:21 - Строка 2019-04-20 22:00:07 распаршена как Sat Apr 20 22:00:07 EEST 2019
2019-04-21 20:26:48 INFO  ParseDate:21 - Строка 2019-04-21 06:44:09 распаршена как Sun Apr 21 06:44:09 EEST 2019
2019-04-21 20:26:48 INFO  ParseDate:21 - Строка 2019-04-21 18:44:09 распаршена как Sun Apr 21 18:44:09 EEST 2019
2019-04-21 20:26:48 INFO  ParseDate:21 - Строка 2019-04-21 06:44:09 распаршена как Sun Apr 21 06:44:09 EEST 2019
2019-04-21 20:26:48 INFO  ParseDate:21 - Строка 2019-04-21 19:10:51 распаршена как Sun Apr 21 19:10:51 EEST 2019
2019-04-21 20:26:48 INFO  ParseDate:21 - Строка 2019-04-21 06:44:09 распаршена как Sun Apr 21 06:44:09 EEST 2019
2019-04-21 20:26:48 INFO  ParseDate:21 - Строка 2019-04-21 19:10:51 распаршена как Sun Apr 21 19:10:51 EEST 2019
2019-04-21 20:26:48 INFO  ParseDate:21 - Строка 2019-04-21 06:44:09 распаршена как Sun Apr 21 06:44:09 EEST 2019
2019-04-21 20:26:48 INFO  ParseDate:21 - Строка 2019-04-21 19:11:58 распаршена как Sun Apr 21 19:11:58 EEST 2019
2019-04-21 20:26:48 INFO  ParseDate:21 - Строка 2019-04-21 06:44:09 распаршена как Sun Apr 21 06:44:09 EEST 2019
2019-04-21 20:26:48 INFO  ParseDate:21 - Строка 2019-04-21 19:11:58 распаршена как Sun Apr 21 19:11:58 EEST 2019
2019-04-21 20:26:48 INFO  ParseDate:21 - Строка 2019-04-18 08:45:21 распаршена как Thu Apr 18 08:45:21 EEST 2019
2019-04-21 20:26:48 INFO  ParseDate:21 - Строка 2019-04-18 08:45:21 распаршена как Thu Apr 18 08:45:21 EEST 2019
2019-04-21 20:26:48 INFO  ParseDate:21 - Строка 2019-04-18 08:52:28 распаршена как Thu Apr 18 08:52:28 EEST 2019
2019-04-21 20:26:48 INFO  ParseDate:21 - Строка 2019-04-20 22:00:05 распаршена как Sat Apr 20 22:00:05 EEST 2019
2019-04-21 20:26:48 INFO  ParseDate:21 - Строка 2019-04-18 08:45:21 распаршена как Thu Apr 18 08:45:21 EEST 2019
2019-04-21 20:26:48 INFO  ParseDate:21 - Строка 2019-04-18 08:45:21 распаршена как Thu Apr 18 08:45:21 EEST 2019
2019-04-21 20:26:48 INFO  ParseDate:21 - Строка 2019-04-18 08:52:28 распаршена как Thu Apr 18 08:52:28 EEST 2019
2019-04-21 20:26:48 INFO  ParseDate:21 - Строка 2019-04-20 22:00:05 распаршена как Sat Apr 20 22:00:05 EEST 2019
2019-04-21 20:26:48 INFO  ParseDate:21 - Строка 2019-04-18 08:45:21 распаршена как Thu Apr 18 08:45:21 EEST 2019
2019-04-21 20:26:48 INFO  ParseDate:21 - Строка 2019-04-18 08:45:21 распаршена как Thu Apr 18 08:45:21 EEST 2019
2019-04-21 20:26:48 INFO  ParseDate:21 - Строка 2019-04-18 08:52:28 распаршена как Thu Apr 18 08:52:28 EEST 2019
2019-04-21 20:26:48 INFO  ParseDate:21 - Строка 2019-04-20 22:00:05 распаршена как Sat Apr 20 22:00:05 EEST 2019
2019-04-21 20:26:48 INFO  ParseDate:21 - Строка 2019-04-18 08:45:21 распаршена как Thu Apr 18 08:45:21 EEST 2019
2019-04-21 20:26:48 INFO  ParseDate:21 - Строка 2019-04-18 08:45:21 распаршена как Thu Apr 18 08:45:21 EEST 2019
2019-04-21 20:26:48 INFO  ParseDate:21 - Строка 2019-04-18 08:52:28 распаршена как Thu Apr 18 08:52:28 EEST 2019
2019-04-21 20:26:48 INFO  ParseDate:21 - Строка 2019-04-20 22:00:05 распаршена как Sat Apr 20 22:00:05 EEST 2019
2019-04-21 20:26:48 INFO  ParseDate:21 - Строка 2019-04-18 08:45:21 распаршена как Thu Apr 18 08:45:21 EEST 2019
2019-04-21 20:26:48 INFO  ParseDate:21 - Строка 2019-04-18 08:45:21 распаршена как Thu Apr 18 08:45:21 EEST 2019
2019-04-21 20:26:48 INFO  ParseDate:21 - Строка 2019-04-18 08:52:28 распаршена как Thu Apr 18 08:52:28 EEST 2019
2019-04-21 20:26:48 INFO  ParseDate:21 - Строка 2019-04-20 22:00:05 распаршена как Sat Apr 20 22:00:05 EEST 2019
2019-04-21 20:26:48 INFO  ParseDate:21 - Строка 2019-04-18 08:45:21 распаршена как Thu Apr 18 08:45:21 EEST 2019
2019-04-21 20:26:48 INFO  ParseDate:21 - Строка 2019-04-18 08:45:21 распаршена как Thu Apr 18 08:45:21 EEST 2019
2019-04-21 20:26:48 INFO  ParseDate:21 - Строка 2019-04-18 08:52:28 распаршена как Thu Apr 18 08:52:28 EEST 2019
2019-04-21 20:26:48 INFO  ParseDate:21 - Строка 2019-04-20 22:00:05 распаршена как Sat Apr 20 22:00:05 EEST 2019
2019-04-21 20:26:48 INFO  ParseDate:21 - Строка 2019-04-18 08:44:52 распаршена как Thu Apr 18 08:44:52 EEST 2019
2019-04-21 20:26:48 INFO  ParseDate:21 - Строка 2019-04-18 08:44:52 распаршена как Thu Apr 18 08:44:52 EEST 2019
2019-04-21 20:26:48 INFO  ParseDate:21 - Строка 2019-04-20 22:00:07 распаршена как Sat Apr 20 22:00:07 EEST 2019
2019-04-21 20:26:48 INFO  ParseDate:21 - Строка 2019-04-18 08:44:52 распаршена как Thu Apr 18 08:44:52 EEST 2019
2019-04-21 20:26:48 INFO  ParseDate:21 - Строка 2019-04-18 08:44:52 распаршена как Thu Apr 18 08:44:52 EEST 2019
2019-04-21 20:26:48 INFO  ParseDate:21 - Строка 2019-04-20 22:00:07 распаршена как Sat Apr 20 22:00:07 EEST 2019
2019-04-21 20:26:48 INFO  ParseDate:21 - Строка 2019-04-17 22:09:03 распаршена как Wed Apr 17 22:09:03 EEST 2019
2019-04-21 20:26:48 INFO  ParseDate:21 - Строка 2019-04-17 22:13:38 распаршена как Wed Apr 17 22:13:38 EEST 2019
2019-04-21 20:26:48 INFO  ParseDate:21 - Строка 2019-04-18 08:44:52 распаршена как Thu Apr 18 08:44:52 EEST 2019
2019-04-21 20:26:48 INFO  ParseDate:21 - Строка 2019-04-18 08:44:52 распаршена как Thu Apr 18 08:44:52 EEST 2019
2019-04-21 20:26:48 INFO  ParseDate:21 - Строка 2019-04-18 08:45:21 распаршена как Thu Apr 18 08:45:21 EEST 2019
2019-04-21 20:26:48 INFO  ParseDate:21 - Строка 2019-04-18 08:45:21 распаршена как Thu Apr 18 08:45:21 EEST 2019
2019-04-21 20:26:48 INFO  ParseDate:21 - Строка 2019-04-20 22:00:06 распаршена как Sat Apr 20 22:00:06 EEST 2019
2019-04-21 20:26:48 INFO  ParseDate:21 - Строка 2019-04-18 08:44:52 распаршена как Thu Apr 18 08:44:52 EEST 2019
2019-04-21 20:26:48 INFO  ParseDate:21 - Строка 2019-04-18 08:44:52 распаршена как Thu Apr 18 08:44:52 EEST 2019
2019-04-21 20:26:48 INFO  ParseDate:21 - Строка 2019-04-18 08:45:21 распаршена как Thu Apr 18 08:45:21 EEST 2019
2019-04-21 20:26:48 INFO  ParseDate:21 - Строка 2019-04-18 08:45:21 распаршена как Thu Apr 18 08:45:21 EEST 2019
2019-04-21 20:26:48 INFO  ParseDate:21 - Строка 2019-04-20 22:00:06 распаршена как Sat Apr 20 22:00:06 EEST 2019
2019-04-21 20:26:48 INFO  ParseDate:21 - Строка 2019-04-17 22:12:31 распаршена как Wed Apr 17 22:12:31 EEST 2019
2019-04-21 20:26:48 INFO  ParseDate:21 - Строка 2019-04-20 22:00:07 распаршена как Sat Apr 20 22:00:07 EEST 2019
2019-04-21 20:26:48 INFO  ParseDate:21 - Строка 2019-04-20 22:00:22 распаршена как Sat Apr 20 22:00:22 EEST 2019
2019-04-21 20:26:48 INFO  ParseDate:21 - Строка 2019-04-21 19:11:58 распаршена как Sun Apr 21 19:11:58 EEST 2019
2019-04-21 20:26:48 INFO  ParseDate:21 - Строка 2019-04-21 19:11:58 распаршена как Sun Apr 21 19:11:58 EEST 2019
2019-04-21 20:26:48 INFO  ParseDate:21 - Строка 2019-04-21 19:26:02 распаршена как Sun Apr 21 19:26:02 EEST 2019
2019-04-21 20:26:48 INFO  ParseDate:21 - Строка 2019-04-21 19:43:26 распаршена как Sun Apr 21 19:43:26 EEST 2019
2019-04-21 20:26:48 INFO  ParseDate:21 - Строка 2019-04-21 19:43:45 распаршена как Sun Apr 21 19:43:45 EEST 2019
2019-04-21 20:26:48 INFO  Servlet:96 - forward: /WEB-INF/view/admin/addUserToAccount.jsp
2019-04-21 20:27:22 INFO  LangFilter:22 - locale= en
2019-04-21 20:27:22 INFO  Servlet:86 - path:login
2019-04-21 20:27:22 INFO  JDBCUserDAO:105 - User was created User{login='admin', role=ADMIN, pwdHash='$2a$10$qUnlHIUmR6yQjJ1V8AE/U.GDDssVPOmfxaCXwkZy8QIOkPiF.on96', name='Yevhenii', surname='Milash', phone='+380678865467', accounts=[Account{id=1, money=154200, closed=true, changeTime=[], users=[], credits=[], deposits=[]}, Account{id=69, money=823290, closed=true, changeTime=[], users=[], credits=[], deposits=[]}, Account{id=71, money=39510, closed=true, changeTime=[], users=[], credits=[], deposits=[]}, Account{id=80, money=13, closed=false, changeTime=[], users=[], credits=[], deposits=[]}]}
2019-04-21 20:27:22 INFO  JDBCUserDAO:105 - User was created User{login='admin', role=ADMIN, pwdHash='$2a$10$qUnlHIUmR6yQjJ1V8AE/U.GDDssVPOmfxaCXwkZy8QIOkPiF.on96', name='Yevhenii', surname='Milash', phone='+380678865467', accounts=[Account{id=1, money=154200, closed=true, changeTime=[], users=[], credits=[], deposits=[]}, Account{id=69, money=823290, closed=true, changeTime=[], users=[], credits=[], deposits=[]}, Account{id=71, money=39510, closed=true, changeTime=[], users=[], credits=[], deposits=[]}, Account{id=80, money=13, closed=false, changeTime=[], users=[], credits=[], deposits=[]}]}
2019-04-21 20:27:22 INFO  LoginSubmitCommand:28 - User from DB in login page :User{login='admin', role=ADMIN, pwdHash='$2a$10$qUnlHIUmR6yQjJ1V8AE/U.GDDssVPOmfxaCXwkZy8QIOkPiF.on96', name='Yevhenii', surname='Milash', phone='+380678865467', accounts=[Account{id=1, money=154200, closed=true, changeTime=[], users=[], credits=[], deposits=[]}, Account{id=69, money=823290, closed=true, changeTime=[], users=[], credits=[], deposits=[]}, Account{id=71, money=39510, closed=true, changeTime=[], users=[], credits=[], deposits=[]}, Account{id=80, money=13, closed=false, changeTime=[], users=[], credits=[], deposits=[]}]}
2019-04-21 20:27:22 INFO  LoginSubmitCommand:32 - Login check: true
2019-04-21 20:27:22 INFO  Servlet:93 - redirect: redirect:/bank/admin
2019-04-21 20:27:22 INFO  AdminFilter:24 - role = admin
2019-04-21 20:27:22 INFO  LangFilter:22 - locale= en
2019-04-21 20:27:22 INFO  Servlet:86 - path:admin
2019-04-21 20:27:23 INFO  Servlet:96 - forward: /WEB-INF/view/admin/adminMain.jsp
2019-04-21 20:27:24 INFO  AdminFilter:24 - role = admin
2019-04-21 20:27:24 INFO  LangFilter:22 - locale= en
2019-04-21 20:27:24 INFO  Servlet:86 - path:admin/addUsers
2019-04-21 20:27:24 INFO  JDBCUserDAO:134 - Users were read
2019-04-21 20:27:24 INFO  ParseDate:21 - Строка 2019-04-21 06:44:09 распаршена как Sun Apr 21 06:44:09 EEST 2019
2019-04-21 20:27:24 INFO  ParseDate:21 - Строка 2019-04-20 22:00:07 распаршена как Sat Apr 20 22:00:07 EEST 2019
2019-04-21 20:27:24 INFO  ParseDate:21 - Строка 2019-04-21 06:44:09 распаршена как Sun Apr 21 06:44:09 EEST 2019
2019-04-21 20:27:24 INFO  ParseDate:21 - Строка 2019-04-21 18:44:09 распаршена как Sun Apr 21 18:44:09 EEST 2019
2019-04-21 20:27:24 INFO  ParseDate:21 - Строка 2019-04-21 06:44:09 распаршена как Sun Apr 21 06:44:09 EEST 2019
2019-04-21 20:27:24 INFO  ParseDate:21 - Строка 2019-04-21 19:10:51 распаршена как Sun Apr 21 19:10:51 EEST 2019
2019-04-21 20:27:24 INFO  ParseDate:21 - Строка 2019-04-21 06:44:09 распаршена как Sun Apr 21 06:44:09 EEST 2019
2019-04-21 20:27:24 INFO  ParseDate:21 - Строка 2019-04-21 19:10:51 распаршена как Sun Apr 21 19:10:51 EEST 2019
2019-04-21 20:27:24 INFO  ParseDate:21 - Строка 2019-04-21 06:44:09 распаршена как Sun Apr 21 06:44:09 EEST 2019
2019-04-21 20:27:24 INFO  ParseDate:21 - Строка 2019-04-21 19:11:58 распаршена как Sun Apr 21 19:11:58 EEST 2019
2019-04-21 20:27:24 INFO  ParseDate:21 - Строка 2019-04-21 06:44:09 распаршена как Sun Apr 21 06:44:09 EEST 2019
2019-04-21 20:27:24 INFO  ParseDate:21 - Строка 2019-04-21 19:11:58 распаршена как Sun Apr 21 19:11:58 EEST 2019
2019-04-21 20:27:24 INFO  ParseDate:21 - Строка 2019-04-21 06:44:09 распаршена как Sun Apr 21 06:44:09 EEST 2019
2019-04-21 20:27:24 INFO  ParseDate:21 - Строка 2019-04-20 22:00:07 распаршена как Sat Apr 20 22:00:07 EEST 2019
2019-04-21 20:27:24 INFO  ParseDate:21 - Строка 2019-04-21 06:44:09 распаршена как Sun Apr 21 06:44:09 EEST 2019
2019-04-21 20:27:24 INFO  ParseDate:21 - Строка 2019-04-21 18:44:09 распаршена как Sun Apr 21 18:44:09 EEST 2019
2019-04-21 20:27:24 INFO  ParseDate:21 - Строка 2019-04-21 06:44:09 распаршена как Sun Apr 21 06:44:09 EEST 2019
2019-04-21 20:27:24 INFO  ParseDate:21 - Строка 2019-04-21 19:10:51 распаршена как Sun Apr 21 19:10:51 EEST 2019
2019-04-21 20:27:24 INFO  ParseDate:21 - Строка 2019-04-21 06:44:09 распаршена как Sun Apr 21 06:44:09 EEST 2019
2019-04-21 20:27:24 INFO  ParseDate:21 - Строка 2019-04-21 19:10:51 распаршена как Sun Apr 21 19:10:51 EEST 2019
2019-04-21 20:27:24 INFO  ParseDate:21 - Строка 2019-04-21 06:44:09 распаршена как Sun Apr 21 06:44:09 EEST 2019
2019-04-21 20:27:24 INFO  ParseDate:21 - Строка 2019-04-21 19:11:58 распаршена как Sun Apr 21 19:11:58 EEST 2019
2019-04-21 20:27:24 INFO  ParseDate:21 - Строка 2019-04-21 06:44:09 распаршена как Sun Apr 21 06:44:09 EEST 2019
2019-04-21 20:27:24 INFO  ParseDate:21 - Строка 2019-04-21 19:11:58 распаршена как Sun Apr 21 19:11:58 EEST 2019
2019-04-21 20:27:24 INFO  ParseDate:21 - Строка 2019-04-18 08:45:21 распаршена как Thu Apr 18 08:45:21 EEST 2019
2019-04-21 20:27:24 INFO  ParseDate:21 - Строка 2019-04-18 08:45:21 распаршена как Thu Apr 18 08:45:21 EEST 2019
2019-04-21 20:27:24 INFO  ParseDate:21 - Строка 2019-04-18 08:52:28 распаршена как Thu Apr 18 08:52:28 EEST 2019
2019-04-21 20:27:24 INFO  ParseDate:21 - Строка 2019-04-20 22:00:05 распаршена как Sat Apr 20 22:00:05 EEST 2019
2019-04-21 20:27:24 INFO  ParseDate:21 - Строка 2019-04-18 08:45:21 распаршена как Thu Apr 18 08:45:21 EEST 2019
2019-04-21 20:27:24 INFO  ParseDate:21 - Строка 2019-04-18 08:45:21 распаршена как Thu Apr 18 08:45:21 EEST 2019
2019-04-21 20:27:24 INFO  ParseDate:21 - Строка 2019-04-18 08:52:28 распаршена как Thu Apr 18 08:52:28 EEST 2019
2019-04-21 20:27:24 INFO  ParseDate:21 - Строка 2019-04-20 22:00:05 распаршена как Sat Apr 20 22:00:05 EEST 2019
2019-04-21 20:27:24 INFO  ParseDate:21 - Строка 2019-04-18 08:45:21 распаршена как Thu Apr 18 08:45:21 EEST 2019
2019-04-21 20:27:24 INFO  ParseDate:21 - Строка 2019-04-18 08:45:21 распаршена как Thu Apr 18 08:45:21 EEST 2019
2019-04-21 20:27:24 INFO  ParseDate:21 - Строка 2019-04-18 08:52:28 распаршена как Thu Apr 18 08:52:28 EEST 2019
2019-04-21 20:27:24 INFO  ParseDate:21 - Строка 2019-04-20 22:00:05 распаршена как Sat Apr 20 22:00:05 EEST 2019
2019-04-21 20:27:24 INFO  ParseDate:21 - Строка 2019-04-18 08:45:21 распаршена как Thu Apr 18 08:45:21 EEST 2019
2019-04-21 20:27:24 INFO  ParseDate:21 - Строка 2019-04-18 08:45:21 распаршена как Thu Apr 18 08:45:21 EEST 2019
2019-04-21 20:27:24 INFO  ParseDate:21 - Строка 2019-04-18 08:52:28 распаршена как Thu Apr 18 08:52:28 EEST 2019
2019-04-21 20:27:24 INFO  ParseDate:21 - Строка 2019-04-20 22:00:05 распаршена как Sat Apr 20 22:00:05 EEST 2019
2019-04-21 20:27:24 INFO  ParseDate:21 - Строка 2019-04-18 08:45:21 распаршена как Thu Apr 18 08:45:21 EEST 2019
2019-04-21 20:27:24 INFO  ParseDate:21 - Строка 2019-04-18 08:45:21 распаршена как Thu Apr 18 08:45:21 EEST 2019
2019-04-21 20:27:24 INFO  ParseDate:21 - Строка 2019-04-18 08:52:28 распаршена как Thu Apr 18 08:52:28 EEST 2019
2019-04-21 20:27:24 INFO  ParseDate:21 - Строка 2019-04-20 22:00:05 распаршена как Sat Apr 20 22:00:05 EEST 2019
2019-04-21 20:27:24 INFO  ParseDate:21 - Строка 2019-04-18 08:45:21 распаршена как Thu Apr 18 08:45:21 EEST 2019
2019-04-21 20:27:24 INFO  ParseDate:21 - Строка 2019-04-18 08:45:21 распаршена как Thu Apr 18 08:45:21 EEST 2019
2019-04-21 20:27:24 INFO  ParseDate:21 - Строка 2019-04-18 08:52:28 распаршена как Thu Apr 18 08:52:28 EEST 2019
2019-04-21 20:27:24 INFO  ParseDate:21 - Строка 2019-04-20 22:00:05 распаршена как Sat Apr 20 22:00:05 EEST 2019
2019-04-21 20:27:24 INFO  ParseDate:21 - Строка 2019-04-18 08:44:52 распаршена как Thu Apr 18 08:44:52 EEST 2019
2019-04-21 20:27:24 INFO  ParseDate:21 - Строка 2019-04-18 08:44:52 распаршена как Thu Apr 18 08:44:52 EEST 2019
2019-04-21 20:27:24 INFO  ParseDate:21 - Строка 2019-04-20 22:00:07 распаршена как Sat Apr 20 22:00:07 EEST 2019
2019-04-21 20:27:24 INFO  ParseDate:21 - Строка 2019-04-18 08:44:52 распаршена как Thu Apr 18 08:44:52 EEST 2019
2019-04-21 20:27:24 INFO  ParseDate:21 - Строка 2019-04-18 08:44:52 распаршена как Thu Apr 18 08:44:52 EEST 2019
2019-04-21 20:27:24 INFO  ParseDate:21 - Строка 2019-04-20 22:00:07 распаршена как Sat Apr 20 22:00:07 EEST 2019
2019-04-21 20:27:24 INFO  ParseDate:21 - Строка 2019-04-17 22:09:03 распаршена как Wed Apr 17 22:09:03 EEST 2019
2019-04-21 20:27:24 INFO  ParseDate:21 - Строка 2019-04-17 22:13:38 распаршена как Wed Apr 17 22:13:38 EEST 2019
2019-04-21 20:27:24 INFO  ParseDate:21 - Строка 2019-04-18 08:44:52 распаршена как Thu Apr 18 08:44:52 EEST 2019
2019-04-21 20:27:24 INFO  ParseDate:21 - Строка 2019-04-18 08:44:52 распаршена как Thu Apr 18 08:44:52 EEST 2019
2019-04-21 20:27:24 INFO  ParseDate:21 - Строка 2019-04-18 08:45:21 распаршена как Thu Apr 18 08:45:21 EEST 2019
2019-04-21 20:27:24 INFO  ParseDate:21 - Строка 2019-04-18 08:45:21 распаршена как Thu Apr 18 08:45:21 EEST 2019
2019-04-21 20:27:24 INFO  ParseDate:21 - Строка 2019-04-20 22:00:06 распаршена как Sat Apr 20 22:00:06 EEST 2019
2019-04-21 20:27:24 INFO  ParseDate:21 - Строка 2019-04-18 08:44:52 распаршена как Thu Apr 18 08:44:52 EEST 2019
2019-04-21 20:27:24 INFO  ParseDate:21 - Строка 2019-04-18 08:44:52 распаршена как Thu Apr 18 08:44:52 EEST 2019
2019-04-21 20:27:24 INFO  ParseDate:21 - Строка 2019-04-18 08:45:21 распаршена как Thu Apr 18 08:45:21 EEST 2019
2019-04-21 20:27:24 INFO  ParseDate:21 - Строка 2019-04-18 08:45:21 распаршена как Thu Apr 18 08:45:21 EEST 2019
2019-04-21 20:27:24 INFO  ParseDate:21 - Строка 2019-04-20 22:00:06 распаршена как Sat Apr 20 22:00:06 EEST 2019
2019-04-21 20:27:24 INFO  ParseDate:21 - Строка 2019-04-17 22:12:31 распаршена как Wed Apr 17 22:12:31 EEST 2019
2019-04-21 20:27:24 INFO  ParseDate:21 - Строка 2019-04-20 22:00:07 распаршена как Sat Apr 20 22:00:07 EEST 2019
2019-04-21 20:27:24 INFO  ParseDate:21 - Строка 2019-04-20 22:00:22 распаршена как Sat Apr 20 22:00:22 EEST 2019
2019-04-21 20:27:24 INFO  ParseDate:21 - Строка 2019-04-21 19:11:58 распаршена как Sun Apr 21 19:11:58 EEST 2019
2019-04-21 20:27:24 INFO  ParseDate:21 - Строка 2019-04-21 19:11:58 распаршена как Sun Apr 21 19:11:58 EEST 2019
2019-04-21 20:27:24 INFO  ParseDate:21 - Строка 2019-04-21 19:26:02 распаршена как Sun Apr 21 19:26:02 EEST 2019
2019-04-21 20:27:24 INFO  ParseDate:21 - Строка 2019-04-21 19:43:26 распаршена как Sun Apr 21 19:43:26 EEST 2019
2019-04-21 20:27:24 INFO  ParseDate:21 - Строка 2019-04-21 19:43:45 распаршена как Sun Apr 21 19:43:45 EEST 2019
2019-04-21 20:27:24 INFO  Servlet:96 - forward: /WEB-INF/view/admin/addUserToAccount.jsp
2019-04-21 20:27:29 INFO  AdminFilter:24 - role = admin
2019-04-21 20:27:29 INFO  LangFilter:22 - locale= en
2019-04-21 20:27:29 INFO  Servlet:86 - path:admin/connectUser
2019-04-21 20:27:29 INFO  JDBCAccountDAO:236 - error in addAccount java.sql.SQLIntegrityConstraintViolationException: Duplicate entry '80-3' for key 'PRIMARY'
2019-04-21 20:27:29 INFO  AccountUtil:153 - User already added
2019-04-21 20:27:29 INFO  Servlet:93 - redirect: redirect:/bank/admin/addUsers
2019-04-21 20:27:29 INFO  AdminFilter:24 - role = admin
2019-04-21 20:27:29 INFO  LangFilter:22 - locale= en
2019-04-21 20:27:29 INFO  Servlet:86 - path:admin/addUsers
2019-04-21 20:27:29 INFO  JDBCUserDAO:134 - Users were read
2019-04-21 20:27:29 INFO  ParseDate:21 - Строка 2019-04-21 06:44:09 распаршена как Sun Apr 21 06:44:09 EEST 2019
2019-04-21 20:27:29 INFO  ParseDate:21 - Строка 2019-04-20 22:00:07 распаршена как Sat Apr 20 22:00:07 EEST 2019
2019-04-21 20:27:29 INFO  ParseDate:21 - Строка 2019-04-21 06:44:09 распаршена как Sun Apr 21 06:44:09 EEST 2019
2019-04-21 20:27:29 INFO  ParseDate:21 - Строка 2019-04-21 18:44:09 распаршена как Sun Apr 21 18:44:09 EEST 2019
2019-04-21 20:27:29 INFO  ParseDate:21 - Строка 2019-04-21 06:44:09 распаршена как Sun Apr 21 06:44:09 EEST 2019
2019-04-21 20:27:29 INFO  ParseDate:21 - Строка 2019-04-21 19:10:51 распаршена как Sun Apr 21 19:10:51 EEST 2019
2019-04-21 20:27:29 INFO  ParseDate:21 - Строка 2019-04-21 06:44:09 распаршена как Sun Apr 21 06:44:09 EEST 2019
2019-04-21 20:27:29 INFO  ParseDate:21 - Строка 2019-04-21 19:10:51 распаршена как Sun Apr 21 19:10:51 EEST 2019
2019-04-21 20:27:29 INFO  ParseDate:21 - Строка 2019-04-21 06:44:09 распаршена как Sun Apr 21 06:44:09 EEST 2019
2019-04-21 20:27:29 INFO  ParseDate:21 - Строка 2019-04-21 19:11:58 распаршена как Sun Apr 21 19:11:58 EEST 2019
2019-04-21 20:27:29 INFO  ParseDate:21 - Строка 2019-04-21 06:44:09 распаршена как Sun Apr 21 06:44:09 EEST 2019
2019-04-21 20:27:29 INFO  ParseDate:21 - Строка 2019-04-21 19:11:58 распаршена как Sun Apr 21 19:11:58 EEST 2019
2019-04-21 20:27:29 INFO  ParseDate:21 - Строка 2019-04-21 06:44:09 распаршена как Sun Apr 21 06:44:09 EEST 2019
2019-04-21 20:27:29 INFO  ParseDate:21 - Строка 2019-04-20 22:00:07 распаршена как Sat Apr 20 22:00:07 EEST 2019
2019-04-21 20:27:29 INFO  ParseDate:21 - Строка 2019-04-21 06:44:09 распаршена как Sun Apr 21 06:44:09 EEST 2019
2019-04-21 20:27:29 INFO  ParseDate:21 - Строка 2019-04-21 18:44:09 распаршена как Sun Apr 21 18:44:09 EEST 2019
2019-04-21 20:27:29 INFO  ParseDate:21 - Строка 2019-04-21 06:44:09 распаршена как Sun Apr 21 06:44:09 EEST 2019
2019-04-21 20:27:29 INFO  ParseDate:21 - Строка 2019-04-21 19:10:51 распаршена как Sun Apr 21 19:10:51 EEST 2019
2019-04-21 20:27:29 INFO  ParseDate:21 - Строка 2019-04-21 06:44:09 распаршена как Sun Apr 21 06:44:09 EEST 2019
2019-04-21 20:27:29 INFO  ParseDate:21 - Строка 2019-04-21 19:10:51 распаршена как Sun Apr 21 19:10:51 EEST 2019
2019-04-21 20:27:29 INFO  ParseDate:21 - Строка 2019-04-21 06:44:09 распаршена как Sun Apr 21 06:44:09 EEST 2019
2019-04-21 20:27:29 INFO  ParseDate:21 - Строка 2019-04-21 19:11:58 распаршена как Sun Apr 21 19:11:58 EEST 2019
2019-04-21 20:27:29 INFO  ParseDate:21 - Строка 2019-04-21 06:44:09 распаршена как Sun Apr 21 06:44:09 EEST 2019
2019-04-21 20:27:29 INFO  ParseDate:21 - Строка 2019-04-21 19:11:58 распаршена как Sun Apr 21 19:11:58 EEST 2019
2019-04-21 20:27:29 INFO  ParseDate:21 - Строка 2019-04-18 08:45:21 распаршена как Thu Apr 18 08:45:21 EEST 2019
2019-04-21 20:27:29 INFO  ParseDate:21 - Строка 2019-04-18 08:45:21 распаршена как Thu Apr 18 08:45:21 EEST 2019
2019-04-21 20:27:29 INFO  ParseDate:21 - Строка 2019-04-18 08:52:28 распаршена как Thu Apr 18 08:52:28 EEST 2019
2019-04-21 20:27:29 INFO  ParseDate:21 - Строка 2019-04-20 22:00:05 распаршена как Sat Apr 20 22:00:05 EEST 2019
2019-04-21 20:27:29 INFO  ParseDate:21 - Строка 2019-04-18 08:45:21 распаршена как Thu Apr 18 08:45:21 EEST 2019
2019-04-21 20:27:29 INFO  ParseDate:21 - Строка 2019-04-18 08:45:21 распаршена как Thu Apr 18 08:45:21 EEST 2019
2019-04-21 20:27:29 INFO  ParseDate:21 - Строка 2019-04-18 08:52:28 распаршена как Thu Apr 18 08:52:28 EEST 2019
2019-04-21 20:27:29 INFO  ParseDate:21 - Строка 2019-04-20 22:00:05 распаршена как Sat Apr 20 22:00:05 EEST 2019
2019-04-21 20:27:29 INFO  ParseDate:21 - Строка 2019-04-18 08:45:21 распаршена как Thu Apr 18 08:45:21 EEST 2019
2019-04-21 20:27:29 INFO  ParseDate:21 - Строка 2019-04-18 08:45:21 распаршена как Thu Apr 18 08:45:21 EEST 2019
2019-04-21 20:27:29 INFO  ParseDate:21 - Строка 2019-04-18 08:52:28 распаршена как Thu Apr 18 08:52:28 EEST 2019
2019-04-21 20:27:29 INFO  ParseDate:21 - Строка 2019-04-20 22:00:05 распаршена как Sat Apr 20 22:00:05 EEST 2019
2019-04-21 20:27:29 INFO  ParseDate:21 - Строка 2019-04-18 08:45:21 распаршена как Thu Apr 18 08:45:21 EEST 2019
2019-04-21 20:27:29 INFO  ParseDate:21 - Строка 2019-04-18 08:45:21 распаршена как Thu Apr 18 08:45:21 EEST 2019
2019-04-21 20:27:29 INFO  ParseDate:21 - Строка 2019-04-18 08:52:28 распаршена как Thu Apr 18 08:52:28 EEST 2019
2019-04-21 20:27:29 INFO  ParseDate:21 - Строка 2019-04-20 22:00:05 распаршена как Sat Apr 20 22:00:05 EEST 2019
2019-04-21 20:27:29 INFO  ParseDate:21 - Строка 2019-04-18 08:45:21 распаршена как Thu Apr 18 08:45:21 EEST 2019
2019-04-21 20:27:29 INFO  ParseDate:21 - Строка 2019-04-18 08:45:21 распаршена как Thu Apr 18 08:45:21 EEST 2019
2019-04-21 20:27:29 INFO  ParseDate:21 - Строка 2019-04-18 08:52:28 распаршена как Thu Apr 18 08:52:28 EEST 2019
2019-04-21 20:27:29 INFO  ParseDate:21 - Строка 2019-04-20 22:00:05 распаршена как Sat Apr 20 22:00:05 EEST 2019
2019-04-21 20:27:29 INFO  ParseDate:21 - Строка 2019-04-18 08:45:21 распаршена как Thu Apr 18 08:45:21 EEST 2019
2019-04-21 20:27:29 INFO  ParseDate:21 - Строка 2019-04-18 08:45:21 распаршена как Thu Apr 18 08:45:21 EEST 2019
2019-04-21 20:27:29 INFO  ParseDate:21 - Строка 2019-04-18 08:52:28 распаршена как Thu Apr 18 08:52:28 EEST 2019
2019-04-21 20:27:29 INFO  ParseDate:21 - Строка 2019-04-20 22:00:05 распаршена как Sat Apr 20 22:00:05 EEST 2019
2019-04-21 20:27:29 INFO  ParseDate:21 - Строка 2019-04-18 08:44:52 распаршена как Thu Apr 18 08:44:52 EEST 2019
2019-04-21 20:27:29 INFO  ParseDate:21 - Строка 2019-04-18 08:44:52 распаршена как Thu Apr 18 08:44:52 EEST 2019
2019-04-21 20:27:29 INFO  ParseDate:21 - Строка 2019-04-20 22:00:07 распаршена как Sat Apr 20 22:00:07 EEST 2019
2019-04-21 20:27:29 INFO  ParseDate:21 - Строка 2019-04-18 08:44:52 распаршена как Thu Apr 18 08:44:52 EEST 2019
2019-04-21 20:27:29 INFO  ParseDate:21 - Строка 2019-04-18 08:44:52 распаршена как Thu Apr 18 08:44:52 EEST 2019
2019-04-21 20:27:29 INFO  ParseDate:21 - Строка 2019-04-20 22:00:07 распаршена как Sat Apr 20 22:00:07 EEST 2019
2019-04-21 20:27:29 INFO  ParseDate:21 - Строка 2019-04-17 22:09:03 распаршена как Wed Apr 17 22:09:03 EEST 2019
2019-04-21 20:27:29 INFO  ParseDate:21 - Строка 2019-04-17 22:13:38 распаршена как Wed Apr 17 22:13:38 EEST 2019
2019-04-21 20:27:29 INFO  ParseDate:21 - Строка 2019-04-18 08:44:52 распаршена как Thu Apr 18 08:44:52 EEST 2019
2019-04-21 20:27:29 INFO  ParseDate:21 - Строка 2019-04-18 08:44:52 распаршена как Thu Apr 18 08:44:52 EEST 2019
2019-04-21 20:27:29 INFO  ParseDate:21 - Строка 2019-04-18 08:45:21 распаршена как Thu Apr 18 08:45:21 EEST 2019
2019-04-21 20:27:29 INFO  ParseDate:21 - Строка 2019-04-18 08:45:21 распаршена как Thu Apr 18 08:45:21 EEST 2019
2019-04-21 20:27:29 INFO  ParseDate:21 - Строка 2019-04-20 22:00:06 распаршена как Sat Apr 20 22:00:06 EEST 2019
2019-04-21 20:27:29 INFO  ParseDate:21 - Строка 2019-04-18 08:44:52 распаршена как Thu Apr 18 08:44:52 EEST 2019
2019-04-21 20:27:29 INFO  ParseDate:21 - Строка 2019-04-18 08:44:52 распаршена как Thu Apr 18 08:44:52 EEST 2019
2019-04-21 20:27:29 INFO  ParseDate:21 - Строка 2019-04-18 08:45:21 распаршена как Thu Apr 18 08:45:21 EEST 2019
2019-04-21 20:27:29 INFO  ParseDate:21 - Строка 2019-04-18 08:45:21 распаршена как Thu Apr 18 08:45:21 EEST 2019
2019-04-21 20:27:29 INFO  ParseDate:21 - Строка 2019-04-20 22:00:06 распаршена как Sat Apr 20 22:00:06 EEST 2019
2019-04-21 20:27:29 INFO  ParseDate:21 - Строка 2019-04-17 22:12:31 распаршена как Wed Apr 17 22:12:31 EEST 2019
2019-04-21 20:27:29 INFO  ParseDate:21 - Строка 2019-04-20 22:00:07 распаршена как Sat Apr 20 22:00:07 EEST 2019
2019-04-21 20:27:29 INFO  ParseDate:21 - Строка 2019-04-20 22:00:22 распаршена как Sat Apr 20 22:00:22 EEST 2019
2019-04-21 20:27:29 INFO  ParseDate:21 - Строка 2019-04-21 19:11:58 распаршена как Sun Apr 21 19:11:58 EEST 2019
2019-04-21 20:27:29 INFO  ParseDate:21 - Строка 2019-04-21 19:11:58 распаршена как Sun Apr 21 19:11:58 EEST 2019
2019-04-21 20:27:29 INFO  ParseDate:21 - Строка 2019-04-21 19:26:02 распаршена как Sun Apr 21 19:26:02 EEST 2019
2019-04-21 20:27:29 INFO  ParseDate:21 - Строка 2019-04-21 19:43:26 распаршена как Sun Apr 21 19:43:26 EEST 2019
2019-04-21 20:27:29 INFO  ParseDate:21 - Строка 2019-04-21 19:43:45 распаршена как Sun Apr 21 19:43:45 EEST 2019
2019-04-21 20:27:29 INFO  Servlet:96 - forward: /WEB-INF/view/admin/addUserToAccount.jsp
2019-04-21 20:27:35 INFO  AdminFilter:24 - role = admin
2019-04-21 20:27:35 INFO  LangFilter:22 - locale= en
2019-04-21 20:27:35 INFO  Servlet:86 - path:admin/connectUser
2019-04-21 20:27:35 INFO  JDBCAccountDAO:236 - error in addAccount java.sql.SQLIntegrityConstraintViolationException: Duplicate entry '79-3' for key 'PRIMARY'
2019-04-21 20:27:35 INFO  AccountUtil:153 - User already added
2019-04-21 20:27:35 INFO  Servlet:93 - redirect: redirect:/bank/admin/addUsers
2019-04-21 20:27:35 INFO  AdminFilter:24 - role = admin
2019-04-21 20:27:35 INFO  LangFilter:22 - locale= en
2019-04-21 20:27:35 INFO  Servlet:86 - path:admin/addUsers
2019-04-21 20:27:35 INFO  JDBCUserDAO:134 - Users were read
2019-04-21 20:27:35 INFO  ParseDate:21 - Строка 2019-04-21 06:44:09 распаршена как Sun Apr 21 06:44:09 EEST 2019
2019-04-21 20:27:35 INFO  ParseDate:21 - Строка 2019-04-20 22:00:07 распаршена как Sat Apr 20 22:00:07 EEST 2019
2019-04-21 20:27:35 INFO  ParseDate:21 - Строка 2019-04-21 06:44:09 распаршена как Sun Apr 21 06:44:09 EEST 2019
2019-04-21 20:27:35 INFO  ParseDate:21 - Строка 2019-04-21 18:44:09 распаршена как Sun Apr 21 18:44:09 EEST 2019
2019-04-21 20:27:35 INFO  ParseDate:21 - Строка 2019-04-21 06:44:09 распаршена как Sun Apr 21 06:44:09 EEST 2019
2019-04-21 20:27:35 INFO  ParseDate:21 - Строка 2019-04-21 19:10:51 распаршена как Sun Apr 21 19:10:51 EEST 2019
2019-04-21 20:27:35 INFO  ParseDate:21 - Строка 2019-04-21 06:44:09 распаршена как Sun Apr 21 06:44:09 EEST 2019
2019-04-21 20:27:35 INFO  ParseDate:21 - Строка 2019-04-21 19:10:51 распаршена как Sun Apr 21 19:10:51 EEST 2019
2019-04-21 20:27:35 INFO  ParseDate:21 - Строка 2019-04-21 06:44:09 распаршена как Sun Apr 21 06:44:09 EEST 2019
2019-04-21 20:27:35 INFO  ParseDate:21 - Строка 2019-04-21 19:11:58 распаршена как Sun Apr 21 19:11:58 EEST 2019
2019-04-21 20:27:35 INFO  ParseDate:21 - Строка 2019-04-21 06:44:09 распаршена как Sun Apr 21 06:44:09 EEST 2019
2019-04-21 20:27:35 INFO  ParseDate:21 - Строка 2019-04-21 19:11:58 распаршена как Sun Apr 21 19:11:58 EEST 2019
2019-04-21 20:27:35 INFO  ParseDate:21 - Строка 2019-04-21 06:44:09 распаршена как Sun Apr 21 06:44:09 EEST 2019
2019-04-21 20:27:35 INFO  ParseDate:21 - Строка 2019-04-20 22:00:07 распаршена как Sat Apr 20 22:00:07 EEST 2019
2019-04-21 20:27:35 INFO  ParseDate:21 - Строка 2019-04-21 06:44:09 распаршена как Sun Apr 21 06:44:09 EEST 2019
2019-04-21 20:27:35 INFO  ParseDate:21 - Строка 2019-04-21 18:44:09 распаршена как Sun Apr 21 18:44:09 EEST 2019
2019-04-21 20:27:35 INFO  ParseDate:21 - Строка 2019-04-21 06:44:09 распаршена как Sun Apr 21 06:44:09 EEST 2019
2019-04-21 20:27:35 INFO  ParseDate:21 - Строка 2019-04-21 19:10:51 распаршена как Sun Apr 21 19:10:51 EEST 2019
2019-04-21 20:27:35 INFO  ParseDate:21 - Строка 2019-04-21 06:44:09 распаршена как Sun Apr 21 06:44:09 EEST 2019
2019-04-21 20:27:35 INFO  ParseDate:21 - Строка 2019-04-21 19:10:51 распаршена как Sun Apr 21 19:10:51 EEST 2019
2019-04-21 20:27:35 INFO  ParseDate:21 - Строка 2019-04-21 06:44:09 распаршена как Sun Apr 21 06:44:09 EEST 2019
2019-04-21 20:27:35 INFO  ParseDate:21 - Строка 2019-04-21 19:11:58 распаршена как Sun Apr 21 19:11:58 EEST 2019
2019-04-21 20:27:35 INFO  ParseDate:21 - Строка 2019-04-21 06:44:09 распаршена как Sun Apr 21 06:44:09 EEST 2019
2019-04-21 20:27:35 INFO  ParseDate:21 - Строка 2019-04-21 19:11:58 распаршена как Sun Apr 21 19:11:58 EEST 2019
2019-04-21 20:27:35 INFO  ParseDate:21 - Строка 2019-04-18 08:45:21 распаршена как Thu Apr 18 08:45:21 EEST 2019
2019-04-21 20:27:35 INFO  ParseDate:21 - Строка 2019-04-18 08:45:21 распаршена как Thu Apr 18 08:45:21 EEST 2019
2019-04-21 20:27:35 INFO  ParseDate:21 - Строка 2019-04-18 08:52:28 распаршена как Thu Apr 18 08:52:28 EEST 2019
2019-04-21 20:27:35 INFO  ParseDate:21 - Строка 2019-04-20 22:00:05 распаршена как Sat Apr 20 22:00:05 EEST 2019
2019-04-21 20:27:35 INFO  ParseDate:21 - Строка 2019-04-18 08:45:21 распаршена как Thu Apr 18 08:45:21 EEST 2019
2019-04-21 20:27:35 INFO  ParseDate:21 - Строка 2019-04-18 08:45:21 распаршена как Thu Apr 18 08:45:21 EEST 2019
2019-04-21 20:27:35 INFO  ParseDate:21 - Строка 2019-04-18 08:52:28 распаршена как Thu Apr 18 08:52:28 EEST 2019
2019-04-21 20:27:35 INFO  ParseDate:21 - Строка 2019-04-20 22:00:05 распаршена как Sat Apr 20 22:00:05 EEST 2019
2019-04-21 20:27:35 INFO  ParseDate:21 - Строка 2019-04-18 08:45:21 распаршена как Thu Apr 18 08:45:21 EEST 2019
2019-04-21 20:27:35 INFO  ParseDate:21 - Строка 2019-04-18 08:45:21 распаршена как Thu Apr 18 08:45:21 EEST 2019
2019-04-21 20:27:35 INFO  ParseDate:21 - Строка 2019-04-18 08:52:28 распаршена как Thu Apr 18 08:52:28 EEST 2019
2019-04-21 20:27:35 INFO  ParseDate:21 - Строка 2019-04-20 22:00:05 распаршена как Sat Apr 20 22:00:05 EEST 2019
2019-04-21 20:27:35 INFO  ParseDate:21 - Строка 2019-04-18 08:45:21 распаршена как Thu Apr 18 08:45:21 EEST 2019
2019-04-21 20:27:35 INFO  ParseDate:21 - Строка 2019-04-18 08:45:21 распаршена как Thu Apr 18 08:45:21 EEST 2019
2019-04-21 20:27:35 INFO  ParseDate:21 - Строка 2019-04-18 08:52:28 распаршена как Thu Apr 18 08:52:28 EEST 2019
2019-04-21 20:27:35 INFO  ParseDate:21 - Строка 2019-04-20 22:00:05 распаршена как Sat Apr 20 22:00:05 EEST 2019
2019-04-21 20:27:35 INFO  ParseDate:21 - Строка 2019-04-18 08:45:21 распаршена как Thu Apr 18 08:45:21 EEST 2019
2019-04-21 20:27:35 INFO  ParseDate:21 - Строка 2019-04-18 08:45:21 распаршена как Thu Apr 18 08:45:21 EEST 2019
2019-04-21 20:27:35 INFO  ParseDate:21 - Строка 2019-04-18 08:52:28 распаршена как Thu Apr 18 08:52:28 EEST 2019
2019-04-21 20:27:35 INFO  ParseDate:21 - Строка 2019-04-20 22:00:05 распаршена как Sat Apr 20 22:00:05 EEST 2019
2019-04-21 20:27:35 INFO  ParseDate:21 - Строка 2019-04-18 08:45:21 распаршена как Thu Apr 18 08:45:21 EEST 2019
2019-04-21 20:27:35 INFO  ParseDate:21 - Строка 2019-04-18 08:45:21 распаршена как Thu Apr 18 08:45:21 EEST 2019
2019-04-21 20:27:35 INFO  ParseDate:21 - Строка 2019-04-18 08:52:28 распаршена как Thu Apr 18 08:52:28 EEST 2019
2019-04-21 20:27:35 INFO  ParseDate:21 - Строка 2019-04-20 22:00:05 распаршена как Sat Apr 20 22:00:05 EEST 2019
2019-04-21 20:27:35 INFO  ParseDate:21 - Строка 2019-04-18 08:44:52 распаршена как Thu Apr 18 08:44:52 EEST 2019
2019-04-21 20:27:35 INFO  ParseDate:21 - Строка 2019-04-18 08:44:52 распаршена как Thu Apr 18 08:44:52 EEST 2019
2019-04-21 20:27:35 INFO  ParseDate:21 - Строка 2019-04-20 22:00:07 распаршена как Sat Apr 20 22:00:07 EEST 2019
2019-04-21 20:27:35 INFO  ParseDate:21 - Строка 2019-04-18 08:44:52 распаршена как Thu Apr 18 08:44:52 EEST 2019
2019-04-21 20:27:35 INFO  ParseDate:21 - Строка 2019-04-18 08:44:52 распаршена как Thu Apr 18 08:44:52 EEST 2019
2019-04-21 20:27:35 INFO  ParseDate:21 - Строка 2019-04-20 22:00:07 распаршена как Sat Apr 20 22:00:07 EEST 2019
2019-04-21 20:27:35 INFO  ParseDate:21 - Строка 2019-04-17 22:09:03 распаршена как Wed Apr 17 22:09:03 EEST 2019
2019-04-21 20:27:35 INFO  ParseDate:21 - Строка 2019-04-17 22:13:38 распаршена как Wed Apr 17 22:13:38 EEST 2019
2019-04-21 20:27:35 INFO  ParseDate:21 - Строка 2019-04-18 08:44:52 распаршена как Thu Apr 18 08:44:52 EEST 2019
2019-04-21 20:27:35 INFO  ParseDate:21 - Строка 2019-04-18 08:44:52 распаршена как Thu Apr 18 08:44:52 EEST 2019
2019-04-21 20:27:35 INFO  ParseDate:21 - Строка 2019-04-18 08:45:21 распаршена как Thu Apr 18 08:45:21 EEST 2019
2019-04-21 20:27:35 INFO  ParseDate:21 - Строка 2019-04-18 08:45:21 распаршена как Thu Apr 18 08:45:21 EEST 2019
2019-04-21 20:27:35 INFO  ParseDate:21 - Строка 2019-04-20 22:00:06 распаршена как Sat Apr 20 22:00:06 EEST 2019
2019-04-21 20:27:35 INFO  ParseDate:21 - Строка 2019-04-18 08:44:52 распаршена как Thu Apr 18 08:44:52 EEST 2019
2019-04-21 20:27:35 INFO  ParseDate:21 - Строка 2019-04-18 08:44:52 распаршена как Thu Apr 18 08:44:52 EEST 2019
2019-04-21 20:27:35 INFO  ParseDate:21 - Строка 2019-04-18 08:45:21 распаршена как Thu Apr 18 08:45:21 EEST 2019
2019-04-21 20:27:35 INFO  ParseDate:21 - Строка 2019-04-18 08:45:21 распаршена как Thu Apr 18 08:45:21 EEST 2019
2019-04-21 20:27:35 INFO  ParseDate:21 - Строка 2019-04-20 22:00:06 распаршена как Sat Apr 20 22:00:06 EEST 2019
2019-04-21 20:27:35 INFO  ParseDate:21 - Строка 2019-04-17 22:12:31 распаршена как Wed Apr 17 22:12:31 EEST 2019
2019-04-21 20:27:35 INFO  ParseDate:21 - Строка 2019-04-20 22:00:07 распаршена как Sat Apr 20 22:00:07 EEST 2019
2019-04-21 20:27:35 INFO  ParseDate:21 - Строка 2019-04-20 22:00:22 распаршена как Sat Apr 20 22:00:22 EEST 2019
2019-04-21 20:27:35 INFO  ParseDate:21 - Строка 2019-04-21 19:11:58 распаршена как Sun Apr 21 19:11:58 EEST 2019
2019-04-21 20:27:35 INFO  ParseDate:21 - Строка 2019-04-21 19:11:58 распаршена как Sun Apr 21 19:11:58 EEST 2019
2019-04-21 20:27:35 INFO  ParseDate:21 - Строка 2019-04-21 19:26:02 распаршена как Sun Apr 21 19:26:02 EEST 2019
2019-04-21 20:27:35 INFO  ParseDate:21 - Строка 2019-04-21 19:43:26 распаршена как Sun Apr 21 19:43:26 EEST 2019
2019-04-21 20:27:35 INFO  ParseDate:21 - Строка 2019-04-21 19:43:45 распаршена как Sun Apr 21 19:43:45 EEST 2019
2019-04-21 20:27:35 INFO  Servlet:96 - forward: /WEB-INF/view/admin/addUserToAccount.jsp
2019-04-21 20:28:03 INFO  AdminFilter:24 - role = admin
2019-04-21 20:28:03 INFO  LangFilter:22 - locale= en
2019-04-21 20:28:03 INFO  Servlet:86 - path:admin/connectUser
2019-04-21 20:28:03 INFO  JDBCAccountDAO:234 - Account added into stuff table acc:80 user:3
2019-04-21 20:28:03 INFO  Servlet:93 - redirect: redirect:/bank/admin/addUsers
2019-04-21 20:28:03 INFO  AdminFilter:24 - role = admin
2019-04-21 20:28:03 INFO  LangFilter:22 - locale= en
2019-04-21 20:28:03 INFO  Servlet:86 - path:admin/addUsers
2019-04-21 20:28:03 INFO  JDBCUserDAO:134 - Users were read
2019-04-21 20:28:03 INFO  ParseDate:21 - Строка 2019-04-21 06:44:09 распаршена как Sun Apr 21 06:44:09 EEST 2019
2019-04-21 20:28:03 INFO  ParseDate:21 - Строка 2019-04-20 22:00:07 распаршена как Sat Apr 20 22:00:07 EEST 2019
2019-04-21 20:28:03 INFO  ParseDate:21 - Строка 2019-04-21 06:44:09 распаршена как Sun Apr 21 06:44:09 EEST 2019
2019-04-21 20:28:03 INFO  ParseDate:21 - Строка 2019-04-21 18:44:09 распаршена как Sun Apr 21 18:44:09 EEST 2019
2019-04-21 20:28:03 INFO  ParseDate:21 - Строка 2019-04-21 06:44:09 распаршена как Sun Apr 21 06:44:09 EEST 2019
2019-04-21 20:28:03 INFO  ParseDate:21 - Строка 2019-04-21 19:10:51 распаршена как Sun Apr 21 19:10:51 EEST 2019
2019-04-21 20:28:03 INFO  ParseDate:21 - Строка 2019-04-21 06:44:09 распаршена как Sun Apr 21 06:44:09 EEST 2019
2019-04-21 20:28:03 INFO  ParseDate:21 - Строка 2019-04-21 19:10:51 распаршена как Sun Apr 21 19:10:51 EEST 2019
2019-04-21 20:28:03 INFO  ParseDate:21 - Строка 2019-04-21 06:44:09 распаршена как Sun Apr 21 06:44:09 EEST 2019
2019-04-21 20:28:03 INFO  ParseDate:21 - Строка 2019-04-21 19:11:58 распаршена как Sun Apr 21 19:11:58 EEST 2019
2019-04-21 20:28:03 INFO  ParseDate:21 - Строка 2019-04-21 06:44:09 распаршена как Sun Apr 21 06:44:09 EEST 2019
2019-04-21 20:28:03 INFO  ParseDate:21 - Строка 2019-04-21 19:11:58 распаршена как Sun Apr 21 19:11:58 EEST 2019
2019-04-21 20:28:03 INFO  ParseDate:21 - Строка 2019-04-18 08:45:21 распаршена как Thu Apr 18 08:45:21 EEST 2019
2019-04-21 20:28:03 INFO  ParseDate:21 - Строка 2019-04-18 08:45:21 распаршена как Thu Apr 18 08:45:21 EEST 2019
2019-04-21 20:28:03 INFO  ParseDate:21 - Строка 2019-04-18 08:52:28 распаршена как Thu Apr 18 08:52:28 EEST 2019
2019-04-21 20:28:03 INFO  ParseDate:21 - Строка 2019-04-20 22:00:05 распаршена как Sat Apr 20 22:00:05 EEST 2019
2019-04-21 20:28:03 INFO  ParseDate:21 - Строка 2019-04-18 08:45:21 распаршена как Thu Apr 18 08:45:21 EEST 2019
2019-04-21 20:28:03 INFO  ParseDate:21 - Строка 2019-04-18 08:45:21 распаршена как Thu Apr 18 08:45:21 EEST 2019
2019-04-21 20:28:03 INFO  ParseDate:21 - Строка 2019-04-18 08:52:28 распаршена как Thu Apr 18 08:52:28 EEST 2019
2019-04-21 20:28:03 INFO  ParseDate:21 - Строка 2019-04-20 22:00:05 распаршена как Sat Apr 20 22:00:05 EEST 2019
2019-04-21 20:28:03 INFO  ParseDate:21 - Строка 2019-04-18 08:45:21 распаршена как Thu Apr 18 08:45:21 EEST 2019
2019-04-21 20:28:03 INFO  ParseDate:21 - Строка 2019-04-18 08:45:21 распаршена как Thu Apr 18 08:45:21 EEST 2019
2019-04-21 20:28:03 INFO  ParseDate:21 - Строка 2019-04-18 08:52:28 распаршена как Thu Apr 18 08:52:28 EEST 2019
2019-04-21 20:28:03 INFO  ParseDate:21 - Строка 2019-04-20 22:00:05 распаршена как Sat Apr 20 22:00:05 EEST 2019
2019-04-21 20:28:03 INFO  ParseDate:21 - Строка 2019-04-18 08:45:21 распаршена как Thu Apr 18 08:45:21 EEST 2019
2019-04-21 20:28:03 INFO  ParseDate:21 - Строка 2019-04-18 08:45:21 распаршена как Thu Apr 18 08:45:21 EEST 2019
2019-04-21 20:28:03 INFO  ParseDate:21 - Строка 2019-04-18 08:52:28 распаршена как Thu Apr 18 08:52:28 EEST 2019
2019-04-21 20:28:03 INFO  ParseDate:21 - Строка 2019-04-20 22:00:05 распаршена как Sat Apr 20 22:00:05 EEST 2019
2019-04-21 20:28:03 INFO  ParseDate:21 - Строка 2019-04-18 08:45:21 распаршена как Thu Apr 18 08:45:21 EEST 2019
2019-04-21 20:28:03 INFO  ParseDate:21 - Строка 2019-04-18 08:45:21 распаршена как Thu Apr 18 08:45:21 EEST 2019
2019-04-21 20:28:03 INFO  ParseDate:21 - Строка 2019-04-18 08:52:28 распаршена как Thu Apr 18 08:52:28 EEST 2019
2019-04-21 20:28:03 INFO  ParseDate:21 - Строка 2019-04-20 22:00:05 распаршена как Sat Apr 20 22:00:05 EEST 2019
2019-04-21 20:28:03 INFO  ParseDate:21 - Строка 2019-04-18 08:45:21 распаршена как Thu Apr 18 08:45:21 EEST 2019
2019-04-21 20:28:03 INFO  ParseDate:21 - Строка 2019-04-18 08:45:21 распаршена как Thu Apr 18 08:45:21 EEST 2019
2019-04-21 20:28:03 INFO  ParseDate:21 - Строка 2019-04-18 08:52:28 распаршена как Thu Apr 18 08:52:28 EEST 2019
2019-04-21 20:28:03 INFO  ParseDate:21 - Строка 2019-04-20 22:00:05 распаршена как Sat Apr 20 22:00:05 EEST 2019
2019-04-21 20:28:03 INFO  ParseDate:21 - Строка 2019-04-18 08:44:52 распаршена как Thu Apr 18 08:44:52 EEST 2019
2019-04-21 20:28:03 INFO  ParseDate:21 - Строка 2019-04-18 08:44:52 распаршена как Thu Apr 18 08:44:52 EEST 2019
2019-04-21 20:28:03 INFO  ParseDate:21 - Строка 2019-04-20 22:00:07 распаршена как Sat Apr 20 22:00:07 EEST 2019
2019-04-21 20:28:03 INFO  ParseDate:21 - Строка 2019-04-18 08:44:52 распаршена как Thu Apr 18 08:44:52 EEST 2019
2019-04-21 20:28:03 INFO  ParseDate:21 - Строка 2019-04-18 08:44:52 распаршена как Thu Apr 18 08:44:52 EEST 2019
2019-04-21 20:28:03 INFO  ParseDate:21 - Строка 2019-04-20 22:00:07 распаршена как Sat Apr 20 22:00:07 EEST 2019
2019-04-21 20:28:03 INFO  ParseDate:21 - Строка 2019-04-17 22:09:03 распаршена как Wed Apr 17 22:09:03 EEST 2019
2019-04-21 20:28:03 INFO  ParseDate:21 - Строка 2019-04-17 22:13:38 распаршена как Wed Apr 17 22:13:38 EEST 2019
2019-04-21 20:28:03 INFO  ParseDate:21 - Строка 2019-04-18 08:44:52 распаршена как Thu Apr 18 08:44:52 EEST 2019
2019-04-21 20:28:03 INFO  ParseDate:21 - Строка 2019-04-18 08:44:52 распаршена как Thu Apr 18 08:44:52 EEST 2019
2019-04-21 20:28:03 INFO  ParseDate:21 - Строка 2019-04-18 08:45:21 распаршена как Thu Apr 18 08:45:21 EEST 2019
2019-04-21 20:28:03 INFO  ParseDate:21 - Строка 2019-04-18 08:45:21 распаршена как Thu Apr 18 08:45:21 EEST 2019
2019-04-21 20:28:03 INFO  ParseDate:21 - Строка 2019-04-20 22:00:06 распаршена как Sat Apr 20 22:00:06 EEST 2019
2019-04-21 20:28:03 INFO  ParseDate:21 - Строка 2019-04-18 08:44:52 распаршена как Thu Apr 18 08:44:52 EEST 2019
2019-04-21 20:28:03 INFO  ParseDate:21 - Строка 2019-04-18 08:44:52 распаршена как Thu Apr 18 08:44:52 EEST 2019
2019-04-21 20:28:03 INFO  ParseDate:21 - Строка 2019-04-18 08:45:21 распаршена как Thu Apr 18 08:45:21 EEST 2019
2019-04-21 20:28:03 INFO  ParseDate:21 - Строка 2019-04-18 08:45:21 распаршена как Thu Apr 18 08:45:21 EEST 2019
2019-04-21 20:28:03 INFO  ParseDate:21 - Строка 2019-04-20 22:00:06 распаршена как Sat Apr 20 22:00:06 EEST 2019
2019-04-21 20:28:03 INFO  ParseDate:21 - Строка 2019-04-17 22:12:31 распаршена как Wed Apr 17 22:12:31 EEST 2019
2019-04-21 20:28:03 INFO  ParseDate:21 - Строка 2019-04-20 22:00:07 распаршена как Sat Apr 20 22:00:07 EEST 2019
2019-04-21 20:28:03 INFO  ParseDate:21 - Строка 2019-04-20 22:00:22 распаршена как Sat Apr 20 22:00:22 EEST 2019
2019-04-21 20:28:03 INFO  ParseDate:21 - Строка 2019-04-21 19:11:58 распаршена как Sun Apr 21 19:11:58 EEST 2019
2019-04-21 20:28:03 INFO  ParseDate:21 - Строка 2019-04-21 19:11:58 распаршена как Sun Apr 21 19:11:58 EEST 2019
2019-04-21 20:28:03 INFO  ParseDate:21 - Строка 2019-04-21 19:26:02 распаршена как Sun Apr 21 19:26:02 EEST 2019
2019-04-21 20:28:03 INFO  ParseDate:21 - Строка 2019-04-21 19:43:26 распаршена как Sun Apr 21 19:43:26 EEST 2019
2019-04-21 20:28:03 INFO  ParseDate:21 - Строка 2019-04-21 19:43:45 распаршена как Sun Apr 21 19:43:45 EEST 2019
2019-04-21 20:28:03 INFO  Servlet:96 - forward: /WEB-INF/view/admin/addUserToAccount.jsp
2019-04-21 20:28:14 INFO  AdminFilter:24 - role = admin
2019-04-21 20:28:14 INFO  LangFilter:22 - locale= en
2019-04-21 20:28:14 INFO  Servlet:86 - path:admin/connectUser
2019-04-21 20:28:14 INFO  JDBCAccountDAO:236 - error in addAccount java.sql.SQLIntegrityConstraintViolationException: Duplicate entry '80-3' for key 'PRIMARY'
2019-04-21 20:28:14 INFO  AccountUtil:153 - User already added
2019-04-21 20:28:14 INFO  Servlet:93 - redirect: redirect:/bank/admin/addUsers
2019-04-21 20:28:14 INFO  AdminFilter:24 - role = admin
2019-04-21 20:28:14 INFO  LangFilter:22 - locale= en
2019-04-21 20:28:14 INFO  Servlet:86 - path:admin/addUsers
2019-04-21 20:28:14 INFO  JDBCUserDAO:134 - Users were read
2019-04-21 20:28:14 INFO  ParseDate:21 - Строка 2019-04-21 06:44:09 распаршена как Sun Apr 21 06:44:09 EEST 2019
2019-04-21 20:28:14 INFO  ParseDate:21 - Строка 2019-04-20 22:00:07 распаршена как Sat Apr 20 22:00:07 EEST 2019
2019-04-21 20:28:14 INFO  ParseDate:21 - Строка 2019-04-21 06:44:09 распаршена как Sun Apr 21 06:44:09 EEST 2019
2019-04-21 20:28:14 INFO  ParseDate:21 - Строка 2019-04-21 18:44:09 распаршена как Sun Apr 21 18:44:09 EEST 2019
2019-04-21 20:28:14 INFO  ParseDate:21 - Строка 2019-04-21 06:44:09 распаршена как Sun Apr 21 06:44:09 EEST 2019
2019-04-21 20:28:14 INFO  ParseDate:21 - Строка 2019-04-21 19:10:51 распаршена как Sun Apr 21 19:10:51 EEST 2019
2019-04-21 20:28:14 INFO  ParseDate:21 - Строка 2019-04-21 06:44:09 распаршена как Sun Apr 21 06:44:09 EEST 2019
2019-04-21 20:28:14 INFO  ParseDate:21 - Строка 2019-04-21 19:10:51 распаршена как Sun Apr 21 19:10:51 EEST 2019
2019-04-21 20:28:14 INFO  ParseDate:21 - Строка 2019-04-21 06:44:09 распаршена как Sun Apr 21 06:44:09 EEST 2019
2019-04-21 20:28:14 INFO  ParseDate:21 - Строка 2019-04-21 19:11:58 распаршена как Sun Apr 21 19:11:58 EEST 2019
2019-04-21 20:28:14 INFO  ParseDate:21 - Строка 2019-04-21 06:44:09 распаршена как Sun Apr 21 06:44:09 EEST 2019
2019-04-21 20:28:14 INFO  ParseDate:21 - Строка 2019-04-21 19:11:58 распаршена как Sun Apr 21 19:11:58 EEST 2019
2019-04-21 20:28:14 INFO  ParseDate:21 - Строка 2019-04-18 08:45:21 распаршена как Thu Apr 18 08:45:21 EEST 2019
2019-04-21 20:28:14 INFO  ParseDate:21 - Строка 2019-04-18 08:45:21 распаршена как Thu Apr 18 08:45:21 EEST 2019
2019-04-21 20:28:14 INFO  ParseDate:21 - Строка 2019-04-18 08:52:28 распаршена как Thu Apr 18 08:52:28 EEST 2019
2019-04-21 20:28:14 INFO  ParseDate:21 - Строка 2019-04-20 22:00:05 распаршена как Sat Apr 20 22:00:05 EEST 2019
2019-04-21 20:28:14 INFO  ParseDate:21 - Строка 2019-04-18 08:45:21 распаршена как Thu Apr 18 08:45:21 EEST 2019
2019-04-21 20:28:14 INFO  ParseDate:21 - Строка 2019-04-18 08:45:21 распаршена как Thu Apr 18 08:45:21 EEST 2019
2019-04-21 20:28:14 INFO  ParseDate:21 - Строка 2019-04-18 08:52:28 распаршена как Thu Apr 18 08:52:28 EEST 2019
2019-04-21 20:28:14 INFO  ParseDate:21 - Строка 2019-04-20 22:00:05 распаршена как Sat Apr 20 22:00:05 EEST 2019
2019-04-21 20:28:14 INFO  ParseDate:21 - Строка 2019-04-18 08:45:21 распаршена как Thu Apr 18 08:45:21 EEST 2019
2019-04-21 20:28:14 INFO  ParseDate:21 - Строка 2019-04-18 08:45:21 распаршена как Thu Apr 18 08:45:21 EEST 2019
2019-04-21 20:28:14 INFO  ParseDate:21 - Строка 2019-04-18 08:52:28 распаршена как Thu Apr 18 08:52:28 EEST 2019
2019-04-21 20:28:14 INFO  ParseDate:21 - Строка 2019-04-20 22:00:05 распаршена как Sat Apr 20 22:00:05 EEST 2019
2019-04-21 20:28:14 INFO  ParseDate:21 - Строка 2019-04-18 08:45:21 распаршена как Thu Apr 18 08:45:21 EEST 2019
2019-04-21 20:28:14 INFO  ParseDate:21 - Строка 2019-04-18 08:45:21 распаршена как Thu Apr 18 08:45:21 EEST 2019
2019-04-21 20:28:14 INFO  ParseDate:21 - Строка 2019-04-18 08:52:28 распаршена как Thu Apr 18 08:52:28 EEST 2019
2019-04-21 20:28:14 INFO  ParseDate:21 - Строка 2019-04-20 22:00:05 распаршена как Sat Apr 20 22:00:05 EEST 2019
2019-04-21 20:28:14 INFO  ParseDate:21 - Строка 2019-04-18 08:45:21 распаршена как Thu Apr 18 08:45:21 EEST 2019
2019-04-21 20:28:14 INFO  ParseDate:21 - Строка 2019-04-18 08:45:21 распаршена как Thu Apr 18 08:45:21 EEST 2019
2019-04-21 20:28:14 INFO  ParseDate:21 - Строка 2019-04-18 08:52:28 распаршена как Thu Apr 18 08:52:28 EEST 2019
2019-04-21 20:28:14 INFO  ParseDate:21 - Строка 2019-04-20 22:00:05 распаршена как Sat Apr 20 22:00:05 EEST 2019
2019-04-21 20:28:14 INFO  ParseDate:21 - Строка 2019-04-18 08:45:21 распаршена как Thu Apr 18 08:45:21 EEST 2019
2019-04-21 20:28:14 INFO  ParseDate:21 - Строка 2019-04-18 08:45:21 распаршена как Thu Apr 18 08:45:21 EEST 2019
2019-04-21 20:28:14 INFO  ParseDate:21 - Строка 2019-04-18 08:52:28 распаршена как Thu Apr 18 08:52:28 EEST 2019
2019-04-21 20:28:14 INFO  ParseDate:21 - Строка 2019-04-20 22:00:05 распаршена как Sat Apr 20 22:00:05 EEST 2019
2019-04-21 20:28:14 INFO  ParseDate:21 - Строка 2019-04-18 08:44:52 распаршена как Thu Apr 18 08:44:52 EEST 2019
2019-04-21 20:28:14 INFO  ParseDate:21 - Строка 2019-04-18 08:44:52 распаршена как Thu Apr 18 08:44:52 EEST 2019
2019-04-21 20:28:14 INFO  ParseDate:21 - Строка 2019-04-20 22:00:07 распаршена как Sat Apr 20 22:00:07 EEST 2019
2019-04-21 20:28:14 INFO  ParseDate:21 - Строка 2019-04-18 08:44:52 распаршена как Thu Apr 18 08:44:52 EEST 2019
2019-04-21 20:28:14 INFO  ParseDate:21 - Строка 2019-04-18 08:44:52 распаршена как Thu Apr 18 08:44:52 EEST 2019
2019-04-21 20:28:14 INFO  ParseDate:21 - Строка 2019-04-20 22:00:07 распаршена как Sat Apr 20 22:00:07 EEST 2019
2019-04-21 20:28:14 INFO  ParseDate:21 - Строка 2019-04-17 22:09:03 распаршена как Wed Apr 17 22:09:03 EEST 2019
2019-04-21 20:28:14 INFO  ParseDate:21 - Строка 2019-04-17 22:13:38 распаршена как Wed Apr 17 22:13:38 EEST 2019
2019-04-21 20:28:14 INFO  ParseDate:21 - Строка 2019-04-18 08:44:52 распаршена как Thu Apr 18 08:44:52 EEST 2019
2019-04-21 20:28:14 INFO  ParseDate:21 - Строка 2019-04-18 08:44:52 распаршена как Thu Apr 18 08:44:52 EEST 2019
2019-04-21 20:28:14 INFO  ParseDate:21 - Строка 2019-04-18 08:45:21 распаршена как Thu Apr 18 08:45:21 EEST 2019
2019-04-21 20:28:14 INFO  ParseDate:21 - Строка 2019-04-18 08:45:21 распаршена как Thu Apr 18 08:45:21 EEST 2019
2019-04-21 20:28:14 INFO  ParseDate:21 - Строка 2019-04-20 22:00:06 распаршена как Sat Apr 20 22:00:06 EEST 2019
2019-04-21 20:28:14 INFO  ParseDate:21 - Строка 2019-04-18 08:44:52 распаршена как Thu Apr 18 08:44:52 EEST 2019
2019-04-21 20:28:14 INFO  ParseDate:21 - Строка 2019-04-18 08:44:52 распаршена как Thu Apr 18 08:44:52 EEST 2019
2019-04-21 20:28:14 INFO  ParseDate:21 - Строка 2019-04-18 08:45:21 распаршена как Thu Apr 18 08:45:21 EEST 2019
2019-04-21 20:28:14 INFO  ParseDate:21 - Строка 2019-04-18 08:45:21 распаршена как Thu Apr 18 08:45:21 EEST 2019
2019-04-21 20:28:14 INFO  ParseDate:21 - Строка 2019-04-20 22:00:06 распаршена как Sat Apr 20 22:00:06 EEST 2019
2019-04-21 20:28:14 INFO  ParseDate:21 - Строка 2019-04-17 22:12:31 распаршена как Wed Apr 17 22:12:31 EEST 2019
2019-04-21 20:28:14 INFO  ParseDate:21 - Строка 2019-04-20 22:00:07 распаршена как Sat Apr 20 22:00:07 EEST 2019
2019-04-21 20:28:14 INFO  ParseDate:21 - Строка 2019-04-20 22:00:22 распаршена как Sat Apr 20 22:00:22 EEST 2019
2019-04-21 20:28:14 INFO  ParseDate:21 - Строка 2019-04-21 19:11:58 распаршена как Sun Apr 21 19:11:58 EEST 2019
2019-04-21 20:28:14 INFO  ParseDate:21 - Строка 2019-04-21 19:11:58 распаршена как Sun Apr 21 19:11:58 EEST 2019
2019-04-21 20:28:14 INFO  ParseDate:21 - Строка 2019-04-21 19:26:02 распаршена как Sun Apr 21 19:26:02 EEST 2019
2019-04-21 20:28:14 INFO  ParseDate:21 - Строка 2019-04-21 19:43:26 распаршена как Sun Apr 21 19:43:26 EEST 2019
2019-04-21 20:28:14 INFO  ParseDate:21 - Строка 2019-04-21 19:43:45 распаршена как Sun Apr 21 19:43:45 EEST 2019
2019-04-21 20:28:14 INFO  Servlet:96 - forward: /WEB-INF/view/admin/addUserToAccount.jsp
2019-04-21 20:28:27 INFO  AdminFilter:24 - role = admin
2019-04-21 20:28:27 INFO  LangFilter:22 - locale= en
2019-04-21 20:28:27 INFO  Servlet:86 - path:admin/connectUser
2019-04-21 20:28:27 INFO  JDBCAccountDAO:236 - error in addAccount java.sql.SQLIntegrityConstraintViolationException: Duplicate entry '80-3' for key 'PRIMARY'
2019-04-21 20:28:27 INFO  AccountUtil:153 - User already added
2019-04-21 20:28:27 INFO  Servlet:93 - redirect: redirect:/bank/admin/addUsers
2019-04-21 20:28:27 INFO  AdminFilter:24 - role = admin
2019-04-21 20:28:27 INFO  LangFilter:22 - locale= en
2019-04-21 20:28:27 INFO  Servlet:86 - path:admin/addUsers
2019-04-21 20:28:27 INFO  JDBCUserDAO:134 - Users were read
2019-04-21 20:28:27 INFO  ParseDate:21 - Строка 2019-04-21 06:44:09 распаршена как Sun Apr 21 06:44:09 EEST 2019
2019-04-21 20:28:27 INFO  ParseDate:21 - Строка 2019-04-20 22:00:07 распаршена как Sat Apr 20 22:00:07 EEST 2019
2019-04-21 20:28:27 INFO  ParseDate:21 - Строка 2019-04-21 06:44:09 распаршена как Sun Apr 21 06:44:09 EEST 2019
2019-04-21 20:28:27 INFO  ParseDate:21 - Строка 2019-04-21 18:44:09 распаршена как Sun Apr 21 18:44:09 EEST 2019
2019-04-21 20:28:27 INFO  ParseDate:21 - Строка 2019-04-21 06:44:09 распаршена как Sun Apr 21 06:44:09 EEST 2019
2019-04-21 20:28:27 INFO  ParseDate:21 - Строка 2019-04-21 19:10:51 распаршена как Sun Apr 21 19:10:51 EEST 2019
2019-04-21 20:28:27 INFO  ParseDate:21 - Строка 2019-04-21 06:44:09 распаршена как Sun Apr 21 06:44:09 EEST 2019
2019-04-21 20:28:27 INFO  ParseDate:21 - Строка 2019-04-21 19:10:51 распаршена как Sun Apr 21 19:10:51 EEST 2019
2019-04-21 20:28:27 INFO  ParseDate:21 - Строка 2019-04-21 06:44:09 распаршена как Sun Apr 21 06:44:09 EEST 2019
2019-04-21 20:28:27 INFO  ParseDate:21 - Строка 2019-04-21 19:11:58 распаршена как Sun Apr 21 19:11:58 EEST 2019
2019-04-21 20:28:27 INFO  ParseDate:21 - Строка 2019-04-21 06:44:09 распаршена как Sun Apr 21 06:44:09 EEST 2019
2019-04-21 20:28:27 INFO  ParseDate:21 - Строка 2019-04-21 19:11:58 распаршена как Sun Apr 21 19:11:58 EEST 2019
2019-04-21 20:28:27 INFO  ParseDate:21 - Строка 2019-04-18 08:45:21 распаршена как Thu Apr 18 08:45:21 EEST 2019
2019-04-21 20:28:27 INFO  ParseDate:21 - Строка 2019-04-18 08:45:21 распаршена как Thu Apr 18 08:45:21 EEST 2019
2019-04-21 20:28:27 INFO  ParseDate:21 - Строка 2019-04-18 08:52:28 распаршена как Thu Apr 18 08:52:28 EEST 2019
2019-04-21 20:28:27 INFO  ParseDate:21 - Строка 2019-04-20 22:00:05 распаршена как Sat Apr 20 22:00:05 EEST 2019
2019-04-21 20:28:27 INFO  ParseDate:21 - Строка 2019-04-18 08:45:21 распаршена как Thu Apr 18 08:45:21 EEST 2019
2019-04-21 20:28:27 INFO  ParseDate:21 - Строка 2019-04-18 08:45:21 распаршена как Thu Apr 18 08:45:21 EEST 2019
2019-04-21 20:28:27 INFO  ParseDate:21 - Строка 2019-04-18 08:52:28 распаршена как Thu Apr 18 08:52:28 EEST 2019
2019-04-21 20:28:27 INFO  ParseDate:21 - Строка 2019-04-20 22:00:05 распаршена как Sat Apr 20 22:00:05 EEST 2019
2019-04-21 20:28:27 INFO  ParseDate:21 - Строка 2019-04-18 08:45:21 распаршена как Thu Apr 18 08:45:21 EEST 2019
2019-04-21 20:28:27 INFO  ParseDate:21 - Строка 2019-04-18 08:45:21 распаршена как Thu Apr 18 08:45:21 EEST 2019
2019-04-21 20:28:27 INFO  ParseDate:21 - Строка 2019-04-18 08:52:28 распаршена как Thu Apr 18 08:52:28 EEST 2019
2019-04-21 20:28:27 INFO  ParseDate:21 - Строка 2019-04-20 22:00:05 распаршена как Sat Apr 20 22:00:05 EEST 2019
2019-04-21 20:28:27 INFO  ParseDate:21 - Строка 2019-04-18 08:45:21 распаршена как Thu Apr 18 08:45:21 EEST 2019
2019-04-21 20:28:27 INFO  ParseDate:21 - Строка 2019-04-18 08:45:21 распаршена как Thu Apr 18 08:45:21 EEST 2019
2019-04-21 20:28:27 INFO  ParseDate:21 - Строка 2019-04-18 08:52:28 распаршена как Thu Apr 18 08:52:28 EEST 2019
2019-04-21 20:28:27 INFO  ParseDate:21 - Строка 2019-04-20 22:00:05 распаршена как Sat Apr 20 22:00:05 EEST 2019
2019-04-21 20:28:27 INFO  ParseDate:21 - Строка 2019-04-18 08:45:21 распаршена как Thu Apr 18 08:45:21 EEST 2019
2019-04-21 20:28:27 INFO  ParseDate:21 - Строка 2019-04-18 08:45:21 распаршена как Thu Apr 18 08:45:21 EEST 2019
2019-04-21 20:28:27 INFO  ParseDate:21 - Строка 2019-04-18 08:52:28 распаршена как Thu Apr 18 08:52:28 EEST 2019
2019-04-21 20:28:27 INFO  ParseDate:21 - Строка 2019-04-20 22:00:05 распаршена как Sat Apr 20 22:00:05 EEST 2019
2019-04-21 20:28:27 INFO  ParseDate:21 - Строка 2019-04-18 08:45:21 распаршена как Thu Apr 18 08:45:21 EEST 2019
2019-04-21 20:28:27 INFO  ParseDate:21 - Строка 2019-04-18 08:45:21 распаршена как Thu Apr 18 08:45:21 EEST 2019
2019-04-21 20:28:27 INFO  ParseDate:21 - Строка 2019-04-18 08:52:28 распаршена как Thu Apr 18 08:52:28 EEST 2019
2019-04-21 20:28:27 INFO  ParseDate:21 - Строка 2019-04-20 22:00:05 распаршена как Sat Apr 20 22:00:05 EEST 2019
2019-04-21 20:28:27 INFO  ParseDate:21 - Строка 2019-04-18 08:44:52 распаршена как Thu Apr 18 08:44:52 EEST 2019
2019-04-21 20:28:27 INFO  ParseDate:21 - Строка 2019-04-18 08:44:52 распаршена как Thu Apr 18 08:44:52 EEST 2019
2019-04-21 20:28:27 INFO  ParseDate:21 - Строка 2019-04-20 22:00:07 распаршена как Sat Apr 20 22:00:07 EEST 2019
2019-04-21 20:28:27 INFO  ParseDate:21 - Строка 2019-04-18 08:44:52 распаршена как Thu Apr 18 08:44:52 EEST 2019
2019-04-21 20:28:27 INFO  ParseDate:21 - Строка 2019-04-18 08:44:52 распаршена как Thu Apr 18 08:44:52 EEST 2019
2019-04-21 20:28:27 INFO  ParseDate:21 - Строка 2019-04-20 22:00:07 распаршена как Sat Apr 20 22:00:07 EEST 2019
2019-04-21 20:28:27 INFO  ParseDate:21 - Строка 2019-04-17 22:09:03 распаршена как Wed Apr 17 22:09:03 EEST 2019
2019-04-21 20:28:27 INFO  ParseDate:21 - Строка 2019-04-17 22:13:38 распаршена как Wed Apr 17 22:13:38 EEST 2019
2019-04-21 20:28:27 INFO  ParseDate:21 - Строка 2019-04-18 08:44:52 распаршена как Thu Apr 18 08:44:52 EEST 2019
2019-04-21 20:28:27 INFO  ParseDate:21 - Строка 2019-04-18 08:44:52 распаршена как Thu Apr 18 08:44:52 EEST 2019
2019-04-21 20:28:27 INFO  ParseDate:21 - Строка 2019-04-18 08:45:21 распаршена как Thu Apr 18 08:45:21 EEST 2019
2019-04-21 20:28:27 INFO  ParseDate:21 - Строка 2019-04-18 08:45:21 распаршена как Thu Apr 18 08:45:21 EEST 2019
2019-04-21 20:28:27 INFO  ParseDate:21 - Строка 2019-04-20 22:00:06 распаршена как Sat Apr 20 22:00:06 EEST 2019
2019-04-21 20:28:27 INFO  ParseDate:21 - Строка 2019-04-18 08:44:52 распаршена как Thu Apr 18 08:44:52 EEST 2019
2019-04-21 20:28:27 INFO  ParseDate:21 - Строка 2019-04-18 08:44:52 распаршена как Thu Apr 18 08:44:52 EEST 2019
2019-04-21 20:28:27 INFO  ParseDate:21 - Строка 2019-04-18 08:45:21 распаршена как Thu Apr 18 08:45:21 EEST 2019
2019-04-21 20:28:27 INFO  ParseDate:21 - Строка 2019-04-18 08:45:21 распаршена как Thu Apr 18 08:45:21 EEST 2019
2019-04-21 20:28:27 INFO  ParseDate:21 - Строка 2019-04-20 22:00:06 распаршена как Sat Apr 20 22:00:06 EEST 2019
2019-04-21 20:28:27 INFO  ParseDate:21 - Строка 2019-04-17 22:12:31 распаршена как Wed Apr 17 22:12:31 EEST 2019
2019-04-21 20:28:27 INFO  ParseDate:21 - Строка 2019-04-20 22:00:07 распаршена как Sat Apr 20 22:00:07 EEST 2019
2019-04-21 20:28:27 INFO  ParseDate:21 - Строка 2019-04-20 22:00:22 распаршена как Sat Apr 20 22:00:22 EEST 2019
2019-04-21 20:28:27 INFO  ParseDate:21 - Строка 2019-04-21 19:11:58 распаршена как Sun Apr 21 19:11:58 EEST 2019
2019-04-21 20:28:27 INFO  ParseDate:21 - Строка 2019-04-21 19:11:58 распаршена как Sun Apr 21 19:11:58 EEST 2019
2019-04-21 20:28:27 INFO  ParseDate:21 - Строка 2019-04-21 19:26:02 распаршена как Sun Apr 21 19:26:02 EEST 2019
2019-04-21 20:28:27 INFO  ParseDate:21 - Строка 2019-04-21 19:43:26 распаршена как Sun Apr 21 19:43:26 EEST 2019
2019-04-21 20:28:27 INFO  ParseDate:21 - Строка 2019-04-21 19:43:45 распаршена как Sun Apr 21 19:43:45 EEST 2019
2019-04-21 20:28:27 INFO  Servlet:96 - forward: /WEB-INF/view/admin/addUserToAccount.jsp
2019-04-21 20:28:30 INFO  AdminFilter:24 - role = admin
2019-04-21 20:28:30 INFO  LangFilter:22 - locale= uk
2019-04-21 20:28:30 INFO  Servlet:86 - path:admin/addUsers
2019-04-21 20:28:30 INFO  JDBCUserDAO:134 - Users were read
2019-04-21 20:28:30 INFO  ParseDate:21 - Строка 2019-04-21 06:44:09 распаршена как Sun Apr 21 06:44:09 EEST 2019
2019-04-21 20:28:30 INFO  ParseDate:21 - Строка 2019-04-20 22:00:07 распаршена как Sat Apr 20 22:00:07 EEST 2019
2019-04-21 20:28:30 INFO  ParseDate:21 - Строка 2019-04-21 06:44:09 распаршена как Sun Apr 21 06:44:09 EEST 2019
2019-04-21 20:28:30 INFO  ParseDate:21 - Строка 2019-04-21 18:44:09 распаршена как Sun Apr 21 18:44:09 EEST 2019
2019-04-21 20:28:30 INFO  ParseDate:21 - Строка 2019-04-21 06:44:09 распаршена как Sun Apr 21 06:44:09 EEST 2019
2019-04-21 20:28:30 INFO  ParseDate:21 - Строка 2019-04-21 19:10:51 распаршена как Sun Apr 21 19:10:51 EEST 2019
2019-04-21 20:28:30 INFO  ParseDate:21 - Строка 2019-04-21 06:44:09 распаршена как Sun Apr 21 06:44:09 EEST 2019
2019-04-21 20:28:30 INFO  ParseDate:21 - Строка 2019-04-21 19:10:51 распаршена как Sun Apr 21 19:10:51 EEST 2019
2019-04-21 20:28:30 INFO  ParseDate:21 - Строка 2019-04-21 06:44:09 распаршена как Sun Apr 21 06:44:09 EEST 2019
2019-04-21 20:28:30 INFO  ParseDate:21 - Строка 2019-04-21 19:11:58 распаршена как Sun Apr 21 19:11:58 EEST 2019
2019-04-21 20:28:30 INFO  ParseDate:21 - Строка 2019-04-21 06:44:09 распаршена как Sun Apr 21 06:44:09 EEST 2019
2019-04-21 20:28:30 INFO  ParseDate:21 - Строка 2019-04-21 19:11:58 распаршена как Sun Apr 21 19:11:58 EEST 2019
2019-04-21 20:28:30 INFO  ParseDate:21 - Строка 2019-04-18 08:45:21 распаршена как Thu Apr 18 08:45:21 EEST 2019
2019-04-21 20:28:30 INFO  ParseDate:21 - Строка 2019-04-18 08:45:21 распаршена как Thu Apr 18 08:45:21 EEST 2019
2019-04-21 20:28:30 INFO  ParseDate:21 - Строка 2019-04-18 08:52:28 распаршена как Thu Apr 18 08:52:28 EEST 2019
2019-04-21 20:28:30 INFO  ParseDate:21 - Строка 2019-04-20 22:00:05 распаршена как Sat Apr 20 22:00:05 EEST 2019
2019-04-21 20:28:30 INFO  ParseDate:21 - Строка 2019-04-18 08:45:21 распаршена как Thu Apr 18 08:45:21 EEST 2019
2019-04-21 20:28:30 INFO  ParseDate:21 - Строка 2019-04-18 08:45:21 распаршена как Thu Apr 18 08:45:21 EEST 2019
2019-04-21 20:28:30 INFO  ParseDate:21 - Строка 2019-04-18 08:52:28 распаршена как Thu Apr 18 08:52:28 EEST 2019
2019-04-21 20:28:30 INFO  ParseDate:21 - Строка 2019-04-20 22:00:05 распаршена как Sat Apr 20 22:00:05 EEST 2019
2019-04-21 20:28:30 INFO  ParseDate:21 - Строка 2019-04-18 08:45:21 распаршена как Thu Apr 18 08:45:21 EEST 2019
2019-04-21 20:28:30 INFO  ParseDate:21 - Строка 2019-04-18 08:45:21 распаршена как Thu Apr 18 08:45:21 EEST 2019
2019-04-21 20:28:30 INFO  ParseDate:21 - Строка 2019-04-18 08:52:28 распаршена как Thu Apr 18 08:52:28 EEST 2019
2019-04-21 20:28:30 INFO  ParseDate:21 - Строка 2019-04-20 22:00:05 распаршена как Sat Apr 20 22:00:05 EEST 2019
2019-04-21 20:28:30 INFO  ParseDate:21 - Строка 2019-04-18 08:45:21 распаршена как Thu Apr 18 08:45:21 EEST 2019
2019-04-21 20:28:30 INFO  ParseDate:21 - Строка 2019-04-18 08:45:21 распаршена как Thu Apr 18 08:45:21 EEST 2019
2019-04-21 20:28:30 INFO  ParseDate:21 - Строка 2019-04-18 08:52:28 распаршена как Thu Apr 18 08:52:28 EEST 2019
2019-04-21 20:28:30 INFO  ParseDate:21 - Строка 2019-04-20 22:00:05 распаршена как Sat Apr 20 22:00:05 EEST 2019
2019-04-21 20:28:30 INFO  ParseDate:21 - Строка 2019-04-18 08:45:21 распаршена как Thu Apr 18 08:45:21 EEST 2019
2019-04-21 20:28:30 INFO  ParseDate:21 - Строка 2019-04-18 08:45:21 распаршена как Thu Apr 18 08:45:21 EEST 2019
2019-04-21 20:28:30 INFO  ParseDate:21 - Строка 2019-04-18 08:52:28 распаршена как Thu Apr 18 08:52:28 EEST 2019
2019-04-21 20:28:30 INFO  ParseDate:21 - Строка 2019-04-20 22:00:05 распаршена как Sat Apr 20 22:00:05 EEST 2019
2019-04-21 20:28:30 INFO  ParseDate:21 - Строка 2019-04-18 08:45:21 распаршена как Thu Apr 18 08:45:21 EEST 2019
2019-04-21 20:28:30 INFO  ParseDate:21 - Строка 2019-04-18 08:45:21 распаршена как Thu Apr 18 08:45:21 EEST 2019
2019-04-21 20:28:30 INFO  ParseDate:21 - Строка 2019-04-18 08:52:28 распаршена как Thu Apr 18 08:52:28 EEST 2019
2019-04-21 20:28:30 INFO  ParseDate:21 - Строка 2019-04-20 22:00:05 распаршена как Sat Apr 20 22:00:05 EEST 2019
2019-04-21 20:28:30 INFO  ParseDate:21 - Строка 2019-04-18 08:44:52 распаршена как Thu Apr 18 08:44:52 EEST 2019
2019-04-21 20:28:30 INFO  ParseDate:21 - Строка 2019-04-18 08:44:52 распаршена как Thu Apr 18 08:44:52 EEST 2019
2019-04-21 20:28:30 INFO  ParseDate:21 - Строка 2019-04-20 22:00:07 распаршена как Sat Apr 20 22:00:07 EEST 2019
2019-04-21 20:28:30 INFO  ParseDate:21 - Строка 2019-04-18 08:44:52 распаршена как Thu Apr 18 08:44:52 EEST 2019
2019-04-21 20:28:30 INFO  ParseDate:21 - Строка 2019-04-18 08:44:52 распаршена как Thu Apr 18 08:44:52 EEST 2019
2019-04-21 20:28:30 INFO  ParseDate:21 - Строка 2019-04-20 22:00:07 распаршена как Sat Apr 20 22:00:07 EEST 2019
2019-04-21 20:28:30 INFO  ParseDate:21 - Строка 2019-04-17 22:09:03 распаршена как Wed Apr 17 22:09:03 EEST 2019
2019-04-21 20:28:30 INFO  ParseDate:21 - Строка 2019-04-17 22:13:38 распаршена как Wed Apr 17 22:13:38 EEST 2019
2019-04-21 20:28:30 INFO  ParseDate:21 - Строка 2019-04-18 08:44:52 распаршена как Thu Apr 18 08:44:52 EEST 2019
2019-04-21 20:28:30 INFO  ParseDate:21 - Строка 2019-04-18 08:44:52 распаршена как Thu Apr 18 08:44:52 EEST 2019
2019-04-21 20:28:30 INFO  ParseDate:21 - Строка 2019-04-18 08:45:21 распаршена как Thu Apr 18 08:45:21 EEST 2019
2019-04-21 20:28:30 INFO  ParseDate:21 - Строка 2019-04-18 08:45:21 распаршена как Thu Apr 18 08:45:21 EEST 2019
2019-04-21 20:28:30 INFO  ParseDate:21 - Строка 2019-04-20 22:00:06 распаршена как Sat Apr 20 22:00:06 EEST 2019
2019-04-21 20:28:30 INFO  ParseDate:21 - Строка 2019-04-18 08:44:52 распаршена как Thu Apr 18 08:44:52 EEST 2019
2019-04-21 20:28:30 INFO  ParseDate:21 - Строка 2019-04-18 08:44:52 распаршена как Thu Apr 18 08:44:52 EEST 2019
2019-04-21 20:28:30 INFO  ParseDate:21 - Строка 2019-04-18 08:45:21 распаршена как Thu Apr 18 08:45:21 EEST 2019
2019-04-21 20:28:30 INFO  ParseDate:21 - Строка 2019-04-18 08:45:21 распаршена как Thu Apr 18 08:45:21 EEST 2019
2019-04-21 20:28:30 INFO  ParseDate:21 - Строка 2019-04-20 22:00:06 распаршена как Sat Apr 20 22:00:06 EEST 2019
2019-04-21 20:28:30 INFO  ParseDate:21 - Строка 2019-04-17 22:12:31 распаршена как Wed Apr 17 22:12:31 EEST 2019
2019-04-21 20:28:30 INFO  ParseDate:21 - Строка 2019-04-20 22:00:07 распаршена как Sat Apr 20 22:00:07 EEST 2019
2019-04-21 20:28:30 INFO  ParseDate:21 - Строка 2019-04-20 22:00:22 распаршена как Sat Apr 20 22:00:22 EEST 2019
2019-04-21 20:28:30 INFO  ParseDate:21 - Строка 2019-04-21 19:11:58 распаршена как Sun Apr 21 19:11:58 EEST 2019
2019-04-21 20:28:30 INFO  ParseDate:21 - Строка 2019-04-21 19:11:58 распаршена как Sun Apr 21 19:11:58 EEST 2019
2019-04-21 20:28:30 INFO  ParseDate:21 - Строка 2019-04-21 19:26:02 распаршена как Sun Apr 21 19:26:02 EEST 2019
2019-04-21 20:28:30 INFO  ParseDate:21 - Строка 2019-04-21 19:43:26 распаршена как Sun Apr 21 19:43:26 EEST 2019
2019-04-21 20:28:30 INFO  ParseDate:21 - Строка 2019-04-21 19:43:45 распаршена как Sun Apr 21 19:43:45 EEST 2019
2019-04-21 20:28:30 INFO  Servlet:96 - forward: /WEB-INF/view/admin/addUserToAccount.jsp
2019-04-21 20:43:24 INFO  AdminFilter:24 - role = admin
2019-04-21 20:43:24 INFO  LangFilter:22 - locale= en
2019-04-21 20:43:24 INFO  Servlet:86 - path:admin/statistic
2019-04-21 20:43:24 INFO  ParseDate:21 - Строка 2019-04-18 08:45:21 распаршена как Thu Apr 18 08:45:21 EEST 2019
2019-04-21 20:43:24 INFO  ParseDate:21 - Строка 2019-04-18 08:45:21 распаршена как Thu Apr 18 08:45:21 EEST 2019
2019-04-21 20:43:24 INFO  ParseDate:21 - Строка 2019-04-18 08:52:28 распаршена как Thu Apr 18 08:52:28 EEST 2019
2019-04-21 20:43:24 INFO  ParseDate:21 - Строка 2019-04-20 22:00:05 распаршена как Sat Apr 20 22:00:05 EEST 2019
2019-04-21 20:43:24 INFO  ParseDate:21 - Строка 2019-04-18 08:44:52 распаршена как Thu Apr 18 08:44:52 EEST 2019
2019-04-21 20:43:24 INFO  Servlet:96 - forward: /WEB-INF/view/admin/changeTimeAdmin.jsp
2019-04-21 20:43:27 INFO  AdminFilter:24 - role = admin
2019-04-21 20:43:27 INFO  LangFilter:22 - locale= en
2019-04-21 20:43:27 INFO  Servlet:86 - path:admin/statistic
2019-04-21 20:43:27 INFO  ParseDate:21 - Строка 2019-04-20 22:00:07 распаршена как Sat Apr 20 22:00:07 EEST 2019
2019-04-21 20:43:27 INFO  ParseDate:21 - Строка 2019-04-20 22:00:07 распаршена как Sat Apr 20 22:00:07 EEST 2019
2019-04-21 20:43:27 INFO  ParseDate:21 - Строка 2019-04-21 18:44:09 распаршена как Sun Apr 21 18:44:09 EEST 2019
2019-04-21 20:43:27 INFO  ParseDate:21 - Строка 2019-04-21 19:10:51 распаршена как Sun Apr 21 19:10:51 EEST 2019
2019-04-21 20:43:27 INFO  ParseDate:21 - Строка 2019-04-21 19:10:51 распаршена как Sun Apr 21 19:10:51 EEST 2019
2019-04-21 20:43:27 INFO  Servlet:96 - forward: /WEB-INF/view/admin/changeTimeAdmin.jsp
2019-04-21 20:43:30 INFO  AdminFilter:24 - role = admin
2019-04-21 20:43:30 INFO  LangFilter:22 - locale= uk
2019-04-21 20:43:30 INFO  Servlet:86 - path:admin/statistic
2019-04-21 20:43:30 INFO  ParseDate:21 - Строка 2019-04-18 08:45:21 распаршена как Thu Apr 18 08:45:21 EEST 2019
2019-04-21 20:43:30 INFO  ParseDate:21 - Строка 2019-04-18 08:45:21 распаршена как Thu Apr 18 08:45:21 EEST 2019
2019-04-21 20:43:30 INFO  ParseDate:21 - Строка 2019-04-18 08:52:28 распаршена как Thu Apr 18 08:52:28 EEST 2019
2019-04-21 20:43:30 INFO  ParseDate:21 - Строка 2019-04-20 22:00:05 распаршена как Sat Apr 20 22:00:05 EEST 2019
2019-04-21 20:43:30 INFO  ParseDate:21 - Строка 2019-04-18 08:44:52 распаршена как Thu Apr 18 08:44:52 EEST 2019
2019-04-21 20:43:30 INFO  Servlet:96 - forward: /WEB-INF/view/admin/changeTimeAdmin.jsp
2019-04-21 20:43:36 INFO  AdminFilter:24 - role = admin
2019-04-21 20:43:36 INFO  LangFilter:22 - locale= en
2019-04-21 20:43:36 INFO  Servlet:86 - path:admin/statistic
2019-04-21 20:43:36 INFO  ParseDate:21 - Строка 2019-04-18 08:44:52 распаршена как Thu Apr 18 08:44:52 EEST 2019
2019-04-21 20:43:36 INFO  ParseDate:21 - Строка 2019-04-18 08:45:21 распаршена как Thu Apr 18 08:45:21 EEST 2019
2019-04-21 20:43:36 INFO  ParseDate:21 - Строка 2019-04-18 08:45:21 распаршена как Thu Apr 18 08:45:21 EEST 2019
2019-04-21 20:43:36 INFO  ParseDate:21 - Строка 2019-04-20 22:00:06 распаршена как Sat Apr 20 22:00:06 EEST 2019
2019-04-21 20:43:36 INFO  ParseDate:21 - Строка 2019-04-18 08:44:52 распаршена как Thu Apr 18 08:44:52 EEST 2019
2019-04-21 20:43:36 INFO  Servlet:96 - forward: /WEB-INF/view/admin/changeTimeAdmin.jsp
2019-04-21 20:43:41 INFO  AdminFilter:24 - role = admin
2019-04-21 20:43:41 INFO  LangFilter:22 - locale= uk
2019-04-21 20:43:41 INFO  Servlet:86 - path:admin/statistic
2019-04-21 20:43:41 INFO  ParseDate:21 - Строка 2019-04-18 08:45:21 распаршена как Thu Apr 18 08:45:21 EEST 2019
2019-04-21 20:43:41 INFO  ParseDate:21 - Строка 2019-04-18 08:45:21 распаршена как Thu Apr 18 08:45:21 EEST 2019
2019-04-21 20:43:41 INFO  ParseDate:21 - Строка 2019-04-18 08:52:28 распаршена как Thu Apr 18 08:52:28 EEST 2019
2019-04-21 20:43:41 INFO  ParseDate:21 - Строка 2019-04-20 22:00:05 распаршена как Sat Apr 20 22:00:05 EEST 2019
2019-04-21 20:43:41 INFO  ParseDate:21 - Строка 2019-04-18 08:44:52 распаршена как Thu Apr 18 08:44:52 EEST 2019
2019-04-21 20:43:41 INFO  Servlet:96 - forward: /WEB-INF/view/admin/changeTimeAdmin.jsp
2019-04-21 20:43:43 INFO  AdminFilter:24 - role = admin
2019-04-21 20:43:43 INFO  LangFilter:22 - locale= en
2019-04-21 20:43:43 INFO  Servlet:86 - path:admin/statistic
2019-04-21 20:43:43 INFO  ParseDate:21 - Строка 2019-04-18 08:44:52 распаршена как Thu Apr 18 08:44:52 EEST 2019
2019-04-21 20:43:43 INFO  ParseDate:21 - Строка 2019-04-18 08:45:21 распаршена как Thu Apr 18 08:45:21 EEST 2019
2019-04-21 20:43:43 INFO  ParseDate:21 - Строка 2019-04-18 08:45:21 распаршена как Thu Apr 18 08:45:21 EEST 2019
2019-04-21 20:43:43 INFO  ParseDate:21 - Строка 2019-04-20 22:00:06 распаршена как Sat Apr 20 22:00:06 EEST 2019
2019-04-21 20:43:43 INFO  ParseDate:21 - Строка 2019-04-18 08:44:52 распаршена как Thu Apr 18 08:44:52 EEST 2019
2019-04-21 20:43:43 INFO  Servlet:96 - forward: /WEB-INF/view/admin/changeTimeAdmin.jsp
2019-04-21 20:43:52 INFO  AdminFilter:24 - role = admin
2019-04-21 20:43:52 INFO  LangFilter:22 - locale= en
2019-04-21 20:43:52 INFO  Servlet:86 - path:admin/statistic
2019-04-21 20:43:52 INFO  ParseDate:21 - Строка 2019-04-18 08:44:52 распаршена как Thu Apr 18 08:44:52 EEST 2019
2019-04-21 20:43:52 INFO  ParseDate:21 - Строка 2019-04-20 22:00:07 распаршена как Sat Apr 20 22:00:07 EEST 2019
2019-04-21 20:43:52 INFO  ParseDate:21 - Строка 2019-04-17 22:09:03 распаршена как Wed Apr 17 22:09:03 EEST 2019
2019-04-21 20:43:52 INFO  ParseDate:21 - Строка 2019-04-17 22:13:38 распаршена как Wed Apr 17 22:13:38 EEST 2019
2019-04-21 20:43:52 INFO  ParseDate:21 - Строка 2019-04-17 22:12:31 распаршена как Wed Apr 17 22:12:31 EEST 2019
2019-04-21 20:43:52 INFO  Servlet:96 - forward: /WEB-INF/view/admin/changeTimeAdmin.jsp
2019-04-21 20:43:54 INFO  AdminFilter:24 - role = admin
2019-04-21 20:43:54 INFO  LangFilter:22 - locale= en
2019-04-21 20:43:54 INFO  Servlet:86 - path:admin/statistic
2019-04-21 20:43:54 INFO  ParseDate:21 - Строка 2019-04-18 08:45:21 распаршена как Thu Apr 18 08:45:21 EEST 2019
2019-04-21 20:43:54 INFO  ParseDate:21 - Строка 2019-04-18 08:45:21 распаршена как Thu Apr 18 08:45:21 EEST 2019
2019-04-21 20:43:54 INFO  ParseDate:21 - Строка 2019-04-18 08:52:28 распаршена как Thu Apr 18 08:52:28 EEST 2019
2019-04-21 20:43:54 INFO  ParseDate:21 - Строка 2019-04-20 22:00:05 распаршена как Sat Apr 20 22:00:05 EEST 2019
2019-04-21 20:43:54 INFO  ParseDate:21 - Строка 2019-04-18 08:44:52 распаршена как Thu Apr 18 08:44:52 EEST 2019
2019-04-21 20:43:54 INFO  Servlet:96 - forward: /WEB-INF/view/admin/changeTimeAdmin.jsp
2019-04-21 20:43:57 INFO  AdminFilter:24 - role = admin
2019-04-21 20:43:57 INFO  LangFilter:22 - locale= uk
2019-04-21 20:43:57 INFO  Servlet:86 - path:admin/statistic
2019-04-21 20:43:57 INFO  ParseDate:21 - Строка 2019-04-18 08:45:21 распаршена как Thu Apr 18 08:45:21 EEST 2019
2019-04-21 20:43:57 INFO  ParseDate:21 - Строка 2019-04-18 08:45:21 распаршена как Thu Apr 18 08:45:21 EEST 2019
2019-04-21 20:43:57 INFO  ParseDate:21 - Строка 2019-04-18 08:52:28 распаршена как Thu Apr 18 08:52:28 EEST 2019
2019-04-21 20:43:57 INFO  ParseDate:21 - Строка 2019-04-20 22:00:05 распаршена как Sat Apr 20 22:00:05 EEST 2019
2019-04-21 20:43:57 INFO  ParseDate:21 - Строка 2019-04-18 08:44:52 распаршена как Thu Apr 18 08:44:52 EEST 2019
2019-04-21 20:43:57 INFO  Servlet:96 - forward: /WEB-INF/view/admin/changeTimeAdmin.jsp
